<?xml version="1.0" encoding="UTF-8"?>
<testsuite name="MinesweeperTest" tests="1" skipped="0" failures="0" errors="0" timestamp="2020-12-10T13:42:19" hostname="localhost.localdomain" time="4.505">
  <properties/>
  <testcase name="start" classname="MinesweeperTest" time="4.505"/>
  <system-out><![CDATA[?[1;31m
Start test 1?[0m
How many mines do you want on the field? > 
> 1
 |123456789|
-|---------|
1|.........|
2|.........|
3|.........|
4|.........|
5|.........|
6|.........|
7|.........|
8|.........|
9|.........|
-|---------|
Set/unset mine marks or claim a cell as free: > 
> 2 4 free
 |123456789|
-|---------|
1|/////////|
2|/////////|
3|/////////|
4|/////////|
5|/////////|
6|///111///|
7|///1.1///|
8|///111///|
9|/////////|
-|---------|
Set/unset mine marks or claim a cell as free: > 
> 5 7 free
 |123456789|
-|---------|
1|/////////|
2|/////////|
3|/////////|
4|/////////|
5|/////////|
6|///111///|
7|///1X1///|
8|///111///|
9|/////////|
-|---------|
You stepped on a mine and failed!
?[1;31m
Start test 2?[0m
How many mines do you want on the field? > 
> 1
 |123456789|
-|---------|
1|.........|
2|.........|
3|.........|
4|.........|
5|.........|
6|.........|
7|.........|
8|.........|
9|.........|
-|---------|
Set/unset mine marks or claim a cell as free: > 
> 4 2 free
 |123456789|
-|---------|
1|/////////|
2|/////////|
3|/////////|
4|/////////|
5|11///////|
6|.1///////|
7|11///////|
8|/////////|
9|/////////|
-|---------|
Set/unset mine marks or claim a cell as free: > 
> 1 6 free
 |123456789|
-|---------|
1|/////////|
2|/////////|
3|/////////|
4|/////////|
5|11///////|
6|X1///////|
7|11///////|
8|/////////|
9|/////////|
-|---------|
You stepped on a mine and failed!
?[1;31m
Start test 3?[0m
How many mines do you want on the field? > 
> 1
 |123456789|
-|---------|
1|.........|
2|.........|
3|.........|
4|.........|
5|.........|
6|.........|
7|.........|
8|.........|
9|.........|
-|---------|
Set/unset mine marks or claim a cell as free: > 
> 5 6 free
 |123456789|
-|---------|
1|/////////|
2|/////////|
3|//111////|
4|//1.1////|
5|//111////|
6|/////////|
7|/////////|
8|/////////|
9|/////////|
-|---------|
Set/unset mine marks or claim a cell as free: > 
> 4 4 free
 |123456789|
-|---------|
1|/////////|
2|/////////|
3|//111////|
4|//1X1////|
5|//111////|
6|/////////|
7|/////////|
8|/////////|
9|/////////|
-|---------|
You stepped on a mine and failed!
?[1;31m
Start test 4?[0m
How many mines do you want on the field? > 
> 1
 |123456789|
-|---------|
1|.........|
2|.........|
3|.........|
4|.........|
5|.........|
6|.........|
7|.........|
8|.........|
9|.........|
-|---------|
Set/unset mine marks or claim a cell as free: > 
> 1 5 free
 |123456789|
-|---------|
1|/////////|
2|111//////|
3|..1//////|
4|111//////|
5|/////////|
6|/////////|
7|/////////|
8|/////////|
9|/////////|
-|---------|
Set/unset mine marks or claim a cell as free: > 
> 1 3 free
 |123456789|
-|---------|
1|/////////|
2|111//////|
3|1.1//////|
4|111//////|
5|/////////|
6|/////////|
7|/////////|
8|/////////|
9|/////////|
-|---------|
Set/unset mine marks or claim a cell as free: > 
> 2 3 free
 |123456789|
-|---------|
1|/////////|
2|111//////|
3|1X1//////|
4|111//////|
5|/////////|
6|/////////|
7|/////////|
8|/////////|
9|/////////|
-|---------|
You stepped on a mine and failed!
?[1;31m
Start test 5?[0m
How many mines do you want on the field? > 
> 1
 |123456789|
-|---------|
1|.........|
2|.........|
3|.........|
4|.........|
5|.........|
6|.........|
7|.........|
8|.........|
9|.........|
-|---------|
Set/unset mine marks or claim a cell as free: > 
> 8 1 mine
 |123456789|
-|---------|
1|.......*.|
2|.........|
3|.........|
4|.........|
5|.........|
6|.........|
7|.........|
8|.........|
9|.........|
-|---------|
Set/unset mine marks or claim a cell as free: > 
> 8 1 mine
 |123456789|
-|---------|
1|.........|
2|.........|
3|.........|
4|.........|
5|.........|
6|.........|
7|.........|
8|.........|
9|.........|
-|---------|
Set/unset mine marks or claim a cell as free: > 
> 7 5 free
 |123456789|
-|---------|
1|/////////|
2|///111///|
3|///1.1///|
4|///111///|
5|/////////|
6|/////////|
7|/////////|
8|/////////|
9|/////////|
-|---------|
Set/unset mine marks or claim a cell as free: > 
> 5 3 free
 |123456789|
-|---------|
1|/////////|
2|///111///|
3|///1X1///|
4|///111///|
5|/////////|
6|/////////|
7|/////////|
8|/////////|
9|/////////|
-|---------|
You stepped on a mine and failed!
?[1;31m
Start test 6?[0m
How many mines do you want on the field? > 
> 1
 |123456789|
-|---------|
1|.........|
2|.........|
3|.........|
4|.........|
5|.........|
6|.........|
7|.........|
8|.........|
9|.........|
-|---------|
Set/unset mine marks or claim a cell as free: > 
> 9 6 free
 |123456789|
-|---------|
1|/////////|
2|/////////|
3|/////////|
4|/////////|
5|/////////|
6|/////////|
7|11///////|
8|.1///////|
9|.1///////|
-|---------|
Set/unset mine marks or claim a cell as free: > 
> 1 8 mine
 |123456789|
-|---------|
1|/////////|
2|/////////|
3|/////////|
4|/////////|
5|/////////|
6|/////////|
7|11///////|
8|*1///////|
9|.1///////|
-|---------|
Congratulations! You found all the mines!
?[1;31m
Start test 7?[0m
How many mines do you want on the field? > 
> 1
 |123456789|
-|---------|
1|.........|
2|.........|
3|.........|
4|.........|
5|.........|
6|.........|
7|.........|
8|.........|
9|.........|
-|---------|
Set/unset mine marks or claim a cell as free: > 
> 4 8 free
 |123456789|
-|---------|
1|/////////|
2|///////11|
3|///////1.|
4|///////11|
5|/////////|
6|/////////|
7|/////////|
8|/////////|
9|/////////|
-|---------|
Set/unset mine marks or claim a cell as free: > 
> 9 3 mine
 |123456789|
-|---------|
1|/////////|
2|///////11|
3|///////1*|
4|///////11|
5|/////////|
6|/////////|
7|/////////|
8|/////////|
9|/////////|
-|---------|
Congratulations! You found all the mines!
?[1;31m
Start test 8?[0m
How many mines do you want on the field? > 
> 1
 |123456789|
-|---------|
1|.........|
2|.........|
3|.........|
4|.........|
5|.........|
6|.........|
7|.........|
8|.........|
9|.........|
-|---------|
Set/unset mine marks or claim a cell as free: > 
> 5 4 mine
 |123456789|
-|---------|
1|.........|
2|.........|
3|.........|
4|....*....|
5|.........|
6|.........|
7|.........|
8|.........|
9|.........|
-|---------|
Set/unset mine marks or claim a cell as free: > 
> 7 5 free
 |123456789|
-|---------|
1|/1.1/////|
2|/1.1/////|
3|/111/////|
4|/////////|
5|/////////|
6|/////////|
7|/////////|
8|/////////|
9|/////////|
-|---------|
Set/unset mine marks or claim a cell as free: > 
> 3 2 free
 |123456789|
-|---------|
1|/1.1/////|
2|/1X1/////|
3|/111/////|
4|/////////|
5|/////////|
6|/////////|
7|/////////|
8|/////////|
9|/////////|
-|---------|
You stepped on a mine and failed!
?[1;31m
Start test 9?[0m
How many mines do you want on the field? > 
> 1
 |123456789|
-|---------|
1|.........|
2|.........|
3|.........|
4|.........|
5|.........|
6|.........|
7|.........|
8|.........|
9|.........|
-|---------|
Set/unset mine marks or claim a cell as free: > 
> 8 6 free
 |123456789|
-|---------|
1|/////////|
2|11///////|
3|.1///////|
4|11///////|
5|/////////|
6|/////////|
7|/////////|
8|/////////|
9|/////////|
-|---------|
Set/unset mine marks or claim a cell as free: > 
> 1 3 free
 |123456789|
-|---------|
1|/////////|
2|11///////|
3|X1///////|
4|11///////|
5|/////////|
6|/////////|
7|/////////|
8|/////////|
9|/////////|
-|---------|
You stepped on a mine and failed!
?[1;31m
Start test 10?[0m
How many mines do you want on the field? > 
> 1
 |123456789|
-|---------|
1|.........|
2|.........|
3|.........|
4|.........|
5|.........|
6|.........|
7|.........|
8|.........|
9|.........|
-|---------|
Set/unset mine marks or claim a cell as free: > 
> 9 5 free
 |123456789|
-|---------|
1|/////////|
2|/////////|
3|/////////|
4|/////////|
5|/////////|
6|/////////|
7|/////////|
8|//////111|
9|//////1..|
-|---------|
Set/unset mine marks or claim a cell as free: > 
> 9 9 free
 |123456789|
-|---------|
1|/////////|
2|/////////|
3|/////////|
4|/////////|
5|/////////|
6|/////////|
7|/////////|
8|//////111|
9|//////1.1|
-|---------|
Set/unset mine marks or claim a cell as free: > 
> 8 9 free
 |123456789|
-|---------|
1|/////////|
2|/////////|
3|/////////|
4|/////////|
5|/////////|
6|/////////|
7|/////////|
8|//////111|
9|//////1X1|
-|---------|
You stepped on a mine and failed!
?[1;31m
Start test 11?[0m
How many mines do you want on the field? > 
> 1
 |123456789|
-|---------|
1|.........|
2|.........|
3|.........|
4|.........|
5|.........|
6|.........|
7|.........|
8|.........|
9|.........|
-|---------|
Set/unset mine marks or claim a cell as free: > 
> 4 2 mine
 |123456789|
-|---------|
1|.........|
2|...*.....|
3|.........|
4|.........|
5|.........|
6|.........|
7|.........|
8|.........|
9|.........|
-|---------|
Set/unset mine marks or claim a cell as free: > 
> 4 9 free
 |123456789|
-|---------|
1|/////////|
2|/////////|
3|/////////|
4|/////////|
5|////111//|
6|////1.1//|
7|////111//|
8|/////////|
9|/////////|
-|---------|
Set/unset mine marks or claim a cell as free: > 
> 6 6 free
 |123456789|
-|---------|
1|/////////|
2|/////////|
3|/////////|
4|/////////|
5|////111//|
6|////1X1//|
7|////111//|
8|/////////|
9|/////////|
-|---------|
You stepped on a mine and failed!
?[1;31m
Start test 12?[0m
How many mines do you want on the field? > 
> 1
 |123456789|
-|---------|
1|.........|
2|.........|
3|.........|
4|.........|
5|.........|
6|.........|
7|.........|
8|.........|
9|.........|
-|---------|
Set/unset mine marks or claim a cell as free: > 
> 4 7 mine
 |123456789|
-|---------|
1|.........|
2|.........|
3|.........|
4|.........|
5|.........|
6|.........|
7|...*.....|
8|.........|
9|.........|
-|---------|
Set/unset mine marks or claim a cell as free: > 
> 4 7 mine
 |123456789|
-|---------|
1|.........|
2|.........|
3|.........|
4|.........|
5|.........|
6|.........|
7|.........|
8|.........|
9|.........|
-|---------|
Set/unset mine marks or claim a cell as free: > 
> 8 4 free
 |123456789|
-|---------|
1|/////////|
2|11///////|
3|.1///////|
4|11///////|
5|/////////|
6|/////////|
7|/////////|
8|/////////|
9|/////////|
-|---------|
Set/unset mine marks or claim a cell as free: > 
> 1 3 mine
 |123456789|
-|---------|
1|/////////|
2|11///////|
3|*1///////|
4|11///////|
5|/////////|
6|/////////|
7|/////////|
8|/////////|
9|/////////|
-|---------|
Congratulations! You found all the mines!
?[1;31m
Start test 13?[0m
How many mines do you want on the field? > 
> 1
 |123456789|
-|---------|
1|.........|
2|.........|
3|.........|
4|.........|
5|.........|
6|.........|
7|.........|
8|.........|
9|.........|
-|---------|
Set/unset mine marks or claim a cell as free: > 
> 3 7 mine
 |123456789|
-|---------|
1|.........|
2|.........|
3|.........|
4|.........|
5|.........|
6|.........|
7|..*......|
8|.........|
9|.........|
-|---------|
Congratulations! You found all the mines!
?[1;31m
Start test 14?[0m
How many mines do you want on the field? > 
> 1
 |123456789|
-|---------|
1|.........|
2|.........|
3|.........|
4|.........|
5|.........|
6|.........|
7|.........|
8|.........|
9|.........|
-|---------|
Set/unset mine marks or claim a cell as free: > 
> 9 5 free
 |123456789|
-|---------|
1|/////////|
2|//111////|
3|//1.1////|
4|//111////|
5|/////////|
6|/////////|
7|/////////|
8|/////////|
9|/////////|
-|---------|
Set/unset mine marks or claim a cell as free: > 
> 4 3 free
 |123456789|
-|---------|
1|/////////|
2|//111////|
3|//1X1////|
4|//111////|
5|/////////|
6|/////////|
7|/////////|
8|/////////|
9|/////////|
-|---------|
You stepped on a mine and failed!
?[1;31m
Start test 15?[0m
How many mines do you want on the field? > 
> 1
 |123456789|
-|---------|
1|.........|
2|.........|
3|.........|
4|.........|
5|.........|
6|.........|
7|.........|
8|.........|
9|.........|
-|---------|
Set/unset mine marks or claim a cell as free: > 
> 4 4 mine
 |123456789|
-|---------|
1|.........|
2|.........|
3|.........|
4|...*.....|
5|.........|
6|.........|
7|.........|
8|.........|
9|.........|
-|---------|
Set/unset mine marks or claim a cell as free: > 
> 4 4 mine
 |123456789|
-|---------|
1|.........|
2|.........|
3|.........|
4|.........|
5|.........|
6|.........|
7|.........|
8|.........|
9|.........|
-|---------|
Set/unset mine marks or claim a cell as free: > 
> 7 2 free
 |123456789|
-|---------|
1|/////////|
2|/////////|
3|///////11|
4|///////1.|
5|///////11|
6|/////////|
7|/////////|
8|/////////|
9|/////////|
-|---------|
Set/unset mine marks or claim a cell as free: > 
> 9 4 free
 |123456789|
-|---------|
1|/////////|
2|/////////|
3|///////11|
4|///////1X|
5|///////11|
6|/////////|
7|/////////|
8|/////////|
9|/////////|
-|---------|
You stepped on a mine and failed!
?[1;31m
Start test 16?[0m
How many mines do you want on the field? > 
> 1
 |123456789|
-|---------|
1|.........|
2|.........|
3|.........|
4|.........|
5|.........|
6|.........|
7|.........|
8|.........|
9|.........|
-|---------|
Set/unset mine marks or claim a cell as free: > 
> 9 4 free
 |123456789|
-|---------|
1|/////////|
2|/////111/|
3|/////1.1/|
4|/////111/|
5|/////////|
6|/////////|
7|/////////|
8|/////////|
9|/////////|
-|---------|
Set/unset mine marks or claim a cell as free: > 
> 7 3 free
 |123456789|
-|---------|
1|/////////|
2|/////111/|
3|/////1X1/|
4|/////111/|
5|/////////|
6|/////////|
7|/////////|
8|/////////|
9|/////////|
-|---------|
You stepped on a mine and failed!
?[1;31m
Start test 17?[0m
How many mines do you want on the field? > 
> 1
 |123456789|
-|---------|
1|.........|
2|.........|
3|.........|
4|.........|
5|.........|
6|.........|
7|.........|
8|.........|
9|.........|
-|---------|
Set/unset mine marks or claim a cell as free: > 
> 9 9 free
 |123456789|
-|---------|
1|/////////|
2|/////////|
3|/////////|
4|/////////|
5|///////11|
6|///////1.|
7|///////11|
8|/////////|
9|/////////|
-|---------|
Set/unset mine marks or claim a cell as free: > 
> 9 6 free
 |123456789|
-|---------|
1|/////////|
2|/////////|
3|/////////|
4|/////////|
5|///////11|
6|///////1X|
7|///////11|
8|/////////|
9|/////////|
-|---------|
You stepped on a mine and failed!
?[1;31m
Start test 18?[0m
How many mines do you want on the field? > 
> 1
 |123456789|
-|---------|
1|.........|
2|.........|
3|.........|
4|.........|
5|.........|
6|.........|
7|.........|
8|.........|
9|.........|
-|---------|
Set/unset mine marks or claim a cell as free: > 
> 3 3 free
 |123456789|
-|---------|
1|.........|
2|.........|
3|..1......|
4|.........|
5|.........|
6|.........|
7|.........|
8|.........|
9|.........|
-|---------|
Set/unset mine marks or claim a cell as free: > 
> 3 2 free
 |123456789|
-|---------|
1|/////////|
2|/////////|
3|111//////|
4|..1//////|
5|111//////|
6|/////////|
7|/////////|
8|/////////|
9|/////////|
-|---------|
Set/unset mine marks or claim a cell as free: > 
> 1 4 free
 |123456789|
-|---------|
1|/////////|
2|/////////|
3|111//////|
4|1.1//////|
5|111//////|
6|/////////|
7|/////////|
8|/////////|
9|/////////|
-|---------|
Set/unset mine marks or claim a cell as free: > 
> 2 4 free
 |123456789|
-|---------|
1|/////////|
2|/////////|
3|111//////|
4|1X1//////|
5|111//////|
6|/////////|
7|/////////|
8|/////////|
9|/////////|
-|---------|
You stepped on a mine and failed!
?[1;31m
Start test 19?[0m
How many mines do you want on the field? > 
> 1
 |123456789|
-|---------|
1|.........|
2|.........|
3|.........|
4|.........|
5|.........|
6|.........|
7|.........|
8|.........|
9|.........|
-|---------|
Set/unset mine marks or claim a cell as free: > 
> 8 4 mine
 |123456789|
-|---------|
1|.........|
2|.........|
3|.........|
4|.......*.|
5|.........|
6|.........|
7|.........|
8|.........|
9|.........|
-|---------|
Set/unset mine marks or claim a cell as free: > 
> 9 6 free
 |123456789|
-|---------|
1|/////////|
2|/////////|
3|/////////|
4|/////////|
5|/111/////|
6|/1.1/////|
7|/111/////|
8|/////////|
9|/////////|
-|---------|
Set/unset mine marks or claim a cell as free: > 
> 3 6 mine
 |123456789|
-|---------|
1|/////////|
2|/////////|
3|/////////|
4|/////////|
5|/111/////|
6|/1*1/////|
7|/111/////|
8|/////////|
9|/////////|
-|---------|
Set/unset mine marks or claim a cell as free: > 
> 3 6 mine
 |123456789|
-|---------|
1|/////////|
2|/////////|
3|/////////|
4|/////////|
5|/111/////|
6|/1.1/////|
7|/111/////|
8|/////////|
9|/////////|
-|---------|
Set/unset mine marks or claim a cell as free: > 
> 3 6 free
 |123456789|
-|---------|
1|/////////|
2|/////////|
3|/////////|
4|/////////|
5|/111/////|
6|/1X1/////|
7|/111/////|
8|/////////|
9|/////////|
-|---------|
You stepped on a mine and failed!
?[1;31m
Start test 20?[0m
How many mines do you want on the field? > 
> 1
 |123456789|
-|---------|
1|.........|
2|.........|
3|.........|
4|.........|
5|.........|
6|.........|
7|.........|
8|.........|
9|.........|
-|---------|
Set/unset mine marks or claim a cell as free: > 
> 1 8 mine
 |123456789|
-|---------|
1|.........|
2|.........|
3|.........|
4|.........|
5|.........|
6|.........|
7|.........|
8|*........|
9|.........|
-|---------|
Set/unset mine marks or claim a cell as free: > 
> 3 6 free
 |123456789|
-|---------|
1|/////////|
2|/////111/|
3|/////1.1/|
4|/////111/|
5|/////////|
6|/////////|
7|/////////|
8|/////////|
9|/////////|
-|---------|
Set/unset mine marks or claim a cell as free: > 
> 7 3 free
 |123456789|
-|---------|
1|/////////|
2|/////111/|
3|/////1X1/|
4|/////111/|
5|/////////|
6|/////////|
7|/////////|
8|/////////|
9|/////////|
-|---------|
You stepped on a mine and failed!
?[1;31m
Start test 21?[0m
How many mines do you want on the field? > 
> 2
 |123456789|
-|---------|
1|.........|
2|.........|
3|.........|
4|.........|
5|.........|
6|.........|
7|.........|
8|.........|
9|.........|
-|---------|
Set/unset mine marks or claim a cell as free: > 
> 5 7 mine
 |123456789|
-|---------|
1|.........|
2|.........|
3|.........|
4|.........|
5|.........|
6|.........|
7|....*....|
8|.........|
9|.........|
-|---------|
Set/unset mine marks or claim a cell as free: > 
> 5 8 free
 |123456789|
-|---------|
1|/////////|
2|/////////|
3|/////////|
4|///////11|
5|///////1.|
6|///////11|
7|/////////|
8|/////111/|
9|/////1.1/|
-|---------|
Set/unset mine marks or claim a cell as free: > 
> 7 9 mine
 |123456789|
-|---------|
1|/////////|
2|/////////|
3|/////////|
4|///////11|
5|///////1.|
6|///////11|
7|/////////|
8|/////111/|
9|/////1*1/|
-|---------|
Set/unset mine marks or claim a cell as free: > 
> 9 5 free
 |123456789|
-|---------|
1|/////////|
2|/////////|
3|/////////|
4|///////11|
5|///////1X|
6|///////11|
7|/////////|
8|/////111/|
9|/////1X1/|
-|---------|
You stepped on a mine and failed!
?[1;31m
Start test 22?[0m
How many mines do you want on the field? > 
> 2
 |123456789|
-|---------|
1|.........|
2|.........|
3|.........|
4|.........|
5|.........|
6|.........|
7|.........|
8|.........|
9|.........|
-|---------|
Set/unset mine marks or claim a cell as free: > 
> 1 7 free
 |123456789|
-|---------|
1|.........|
2|.........|
3|.........|
4|.........|
5|.........|
6|.........|
7|1........|
8|.........|
9|.........|
-|---------|
Set/unset mine marks or claim a cell as free: > 
> 5 8 free
 |123456789|
-|---------|
1|.........|
2|.........|
3|.........|
4|.........|
5|.........|
6|.........|
7|1........|
8|....1....|
9|.........|
-|---------|
Set/unset mine marks or claim a cell as free: > 
> 2 2 mine
 |123456789|
-|---------|
1|.........|
2|.*.......|
3|.........|
4|.........|
5|.........|
6|.........|
7|1........|
8|....1....|
9|.........|
-|---------|
Set/unset mine marks or claim a cell as free: > 
> 4 4 free
 |123456789|
-|---------|
1|/////////|
2|/////////|
3|/////////|
4|/////////|
5|11///////|
6|.1///////|
7|11//111//|
8|////1.1//|
9|////1.1//|
-|---------|
Set/unset mine marks or claim a cell as free: > 
> 6 9 free
 |123456789|
-|---------|
1|/////////|
2|/////////|
3|/////////|
4|/////////|
5|11///////|
6|.1///////|
7|11//111//|
8|////1.1//|
9|////111//|
-|---------|
Set/unset mine marks or claim a cell as free: > 
> 1 6 mine
 |123456789|
-|---------|
1|/////////|
2|/////////|
3|/////////|
4|/////////|
5|11///////|
6|*1///////|
7|11//111//|
8|////1.1//|
9|////111//|
-|---------|
Set/unset mine marks or claim a cell as free: > 
> 6 8 mine
 |123456789|
-|---------|
1|/////////|
2|/////////|
3|/////////|
4|/////////|
5|11///////|
6|*1///////|
7|11//111//|
8|////1*1//|
9|////111//|
-|---------|
Set/unset mine marks or claim a cell as free: > 
> 1 6 mine
 |123456789|
-|---------|
1|/////////|
2|/////////|
3|/////////|
4|/////////|
5|11///////|
6|.1///////|
7|11//111//|
8|////1*1//|
9|////111//|
-|---------|
Set/unset mine marks or claim a cell as free: > 
> 1 6 free
 |123456789|
-|---------|
1|/////////|
2|/////////|
3|/////////|
4|/////////|
5|11///////|
6|X1///////|
7|11//111//|
8|////1X1//|
9|////111//|
-|---------|
You stepped on a mine and failed!
?[1;31m
Start test 23?[0m
How many mines do you want on the field? > 
> 2
 |123456789|
-|---------|
1|.........|
2|.........|
3|.........|
4|.........|
5|.........|
6|.........|
7|.........|
8|.........|
9|.........|
-|---------|
Set/unset mine marks or claim a cell as free: > 
> 9 8 free
 |123456789|
-|---------|
1|.1///////|
2|.1///////|
3|11///////|
4|////111//|
5|////1.1//|
6|////111//|
7|/////////|
8|/////////|
9|/////////|
-|---------|
Set/unset mine marks or claim a cell as free: > 
> 1 1 free
 |123456789|
-|---------|
1|11///////|
2|.1///////|
3|11///////|
4|////111//|
5|////1.1//|
6|////111//|
7|/////////|
8|/////////|
9|/////////|
-|---------|
Set/unset mine marks or claim a cell as free: > 
> 6 5 mine
 |123456789|
-|---------|
1|11///////|
2|.1///////|
3|11///////|
4|////111//|
5|////1*1//|
6|////111//|
7|/////////|
8|/////////|
9|/////////|
-|---------|
Set/unset mine marks or claim a cell as free: > 
> 1 2 free
 |123456789|
-|---------|
1|11///////|
2|X1///////|
3|11///////|
4|////111//|
5|////1X1//|
6|////111//|
7|/////////|
8|/////////|
9|/////////|
-|---------|
You stepped on a mine and failed!
?[1;31m
Start test 24?[0m
How many mines do you want on the field? > 
> 2
 |123456789|
-|---------|
1|.........|
2|.........|
3|.........|
4|.........|
5|.........|
6|.........|
7|.........|
8|.........|
9|.........|
-|---------|
Set/unset mine marks or claim a cell as free: > 
> 7 3 free
 |123456789|
-|---------|
1|.1///////|
2|11111////|
3|//1.1////|
4|//111////|
5|/////////|
6|/////////|
7|/////////|
8|/////////|
9|/////////|
-|---------|
Set/unset mine marks or claim a cell as free: > 
> 4 3 free
 |123456789|
-|---------|
1|X1///////|
2|11111////|
3|//1X1////|
4|//111////|
5|/////////|
6|/////////|
7|/////////|
8|/////////|
9|/////////|
-|---------|
You stepped on a mine and failed!
?[1;31m
Start test 25?[0m
How many mines do you want on the field? > 
> 2
 |123456789|
-|---------|
1|.........|
2|.........|
3|.........|
4|.........|
5|.........|
6|.........|
7|.........|
8|.........|
9|.........|
-|---------|
Set/unset mine marks or claim a cell as free: > 
> 6 1 mine
 |123456789|
-|---------|
1|.....*...|
2|.........|
3|.........|
4|.........|
5|.........|
6|.........|
7|.........|
8|.........|
9|.........|
-|---------|
Set/unset mine marks or claim a cell as free: > 
> 6 2 free
 |123456789|
-|---------|
1|/////////|
2|/////////|
3|/////////|
4|/////////|
5|11///////|
6|.21//////|
7|..1//////|
8|111//////|
9|/////////|
-|---------|
Set/unset mine marks or claim a cell as free: > 
> 1 6 free
 |123456789|
-|---------|
1|/////////|
2|/////////|
3|/////////|
4|/////////|
5|11///////|
6|X21//////|
7|.X1//////|
8|111//////|
9|/////////|
-|---------|
You stepped on a mine and failed!
?[1;31m
Start test 26?[0m
How many mines do you want on the field? > 
> 2
 |123456789|
-|---------|
1|.........|
2|.........|
3|.........|
4|.........|
5|.........|
6|.........|
7|.........|
8|.........|
9|.........|
-|---------|
Set/unset mine marks or claim a cell as free: > 
> 9 1 free
 |123456789|
-|---------|
1|........1|
2|.........|
3|.........|
4|.........|
5|.........|
6|.........|
7|.........|
8|.........|
9|.........|
-|---------|
Set/unset mine marks or claim a cell as free: > 
> 6 6 free
 |123456789|
-|---------|
1|///////11|
2|//111//1.|
3|//1.1//11|
4|//111////|
5|/////////|
6|/////////|
7|/////////|
8|/////////|
9|/////////|
-|---------|
Set/unset mine marks or claim a cell as free: > 
> 4 3 free
 |123456789|
-|---------|
1|///////11|
2|//111//1X|
3|//1X1//11|
4|//111////|
5|/////////|
6|/////////|
7|/////////|
8|/////////|
9|/////////|
-|---------|
You stepped on a mine and failed!
?[1;31m
Start test 27?[0m
How many mines do you want on the field? > 
> 2
 |123456789|
-|---------|
1|.........|
2|.........|
3|.........|
4|.........|
5|.........|
6|.........|
7|.........|
8|.........|
9|.........|
-|---------|
Set/unset mine marks or claim a cell as free: > 
> 4 3 free
 |123456789|
-|---------|
1|/////////|
2|/////////|
3|/////////|
4|//111////|
5|//1.1////|
6|/1221////|
7|/1.1/////|
8|/111/////|
9|/////////|
-|---------|
Set/unset mine marks or claim a cell as free: > 
> 4 5 free
 |123456789|
-|---------|
1|/////////|
2|/////////|
3|/////////|
4|//111////|
5|//1X1////|
6|/1221////|
7|/1X1/////|
8|/111/////|
9|/////////|
-|---------|
You stepped on a mine and failed!
?[1;31m
Start test 28?[0m
How many mines do you want on the field? > 
> 2
 |123456789|
-|---------|
1|.........|
2|.........|
3|.........|
4|.........|
5|.........|
6|.........|
7|.........|
8|.........|
9|.........|
-|---------|
Set/unset mine marks or claim a cell as free: > 
> 9 6 free
 |123456789|
-|---------|
1|////1.1//|
2|////111//|
3|/////////|
4|/////////|
5|/////////|
6|/////////|
7|///////11|
8|///////1.|
9|///////1.|
-|---------|
Set/unset mine marks or claim a cell as free: > 
> 9 9 mine
 |123456789|
-|---------|
1|////1.1//|
2|////111//|
3|/////////|
4|/////////|
5|/////////|
6|/////////|
7|///////11|
8|///////1.|
9|///////1*|
-|---------|
Set/unset mine marks or claim a cell as free: > 
> 6 1 free
 |123456789|
-|---------|
1|////1X1//|
2|////111//|
3|/////////|
4|/////////|
5|/////////|
6|/////////|
7|///////11|
8|///////1X|
9|///////1*|
-|---------|
You stepped on a mine and failed!
?[1;31m
Start test 29?[0m
How many mines do you want on the field? > 
> 2
 |123456789|
-|---------|
1|.........|
2|.........|
3|.........|
4|.........|
5|.........|
6|.........|
7|.........|
8|.........|
9|.........|
-|---------|
Set/unset mine marks or claim a cell as free: > 
> 2 5 mine
 |123456789|
-|---------|
1|.........|
2|.........|
3|.........|
4|.........|
5|.*.......|
6|.........|
7|.........|
8|.........|
9|.........|
-|---------|
Set/unset mine marks or claim a cell as free: > 
> 8 5 free
 |123456789|
-|---------|
1|.........|
2|.........|
3|.........|
4|.........|
5|.*.....1.|
6|.........|
7|.........|
8|.........|
9|.........|
-|---------|
Set/unset mine marks or claim a cell as free: > 
> 2 5 mine
 |123456789|
-|---------|
1|.........|
2|.........|
3|.........|
4|.........|
5|.......1.|
6|.........|
7|.........|
8|.........|
9|.........|
-|---------|
Set/unset mine marks or claim a cell as free: > 
> 2 6 free
 |123456789|
-|---------|
1|/////////|
2|/////////|
3|//////111|
4|//////1..|
5|//////111|
6|/////////|
7|/////////|
8|11///////|
9|.1///////|
-|---------|
Set/unset mine marks or claim a cell as free: > 
> 9 4 mine
 |123456789|
-|---------|
1|/////////|
2|/////////|
3|//////111|
4|//////1.*|
5|//////111|
6|/////////|
7|/////////|
8|11///////|
9|.1///////|
-|---------|
Set/unset mine marks or claim a cell as free: > 
> 9 4 mine
 |123456789|
-|---------|
1|/////////|
2|/////////|
3|//////111|
4|//////1..|
5|//////111|
6|/////////|
7|/////////|
8|11///////|
9|.1///////|
-|---------|
Set/unset mine marks or claim a cell as free: > 
> 1 9 free
 |123456789|
-|---------|
1|/////////|
2|/////////|
3|//////111|
4|//////1X.|
5|//////111|
6|/////////|
7|/////////|
8|11///////|
9|X1///////|
-|---------|
You stepped on a mine and failed!
?[1;31m
Start test 30?[0m
How many mines do you want on the field? > 
> 2
 |123456789|
-|---------|
1|.........|
2|.........|
3|.........|
4|.........|
5|.........|
6|.........|
7|.........|
8|.........|
9|.........|
-|---------|
Set/unset mine marks or claim a cell as free: > 
> 4 2 mine
 |123456789|
-|---------|
1|.........|
2|...*.....|
3|.........|
4|.........|
5|.........|
6|.........|
7|.........|
8|.........|
9|.........|
-|---------|
Set/unset mine marks or claim a cell as free: > 
> 3 2 free
 |123456789|
-|---------|
1|///////1.|
2|///////11|
3|/////////|
4|//111////|
5|//1.1////|
6|//111////|
7|/////////|
8|/////////|
9|/////////|
-|---------|
Set/unset mine marks or claim a cell as free: > 
> 4 5 free
 |123456789|
-|---------|
1|///////1X|
2|///////11|
3|/////////|
4|//111////|
5|//1X1////|
6|//111////|
7|/////////|
8|/////////|
9|/////////|
-|---------|
You stepped on a mine and failed!
?[1;31m
Start test 31?[0m
How many mines do you want on the field? > 
> 2
 |123456789|
-|---------|
1|.........|
2|.........|
3|.........|
4|.........|
5|.........|
6|.........|
7|.........|
8|.........|
9|.........|
-|---------|
Set/unset mine marks or claim a cell as free: > 
> 3 4 free
 |123456789|
-|---------|
1|/////////|
2|11///////|
3|.1///////|
4|11///////|
5|////111//|
6|////1.1//|
7|////111//|
8|/////////|
9|/////////|
-|---------|
Set/unset mine marks or claim a cell as free: > 
> 1 3 free
 |123456789|
-|---------|
1|/////////|
2|11///////|
3|X1///////|
4|11///////|
5|////111//|
6|////1X1//|
7|////111//|
8|/////////|
9|/////////|
-|---------|
You stepped on a mine and failed!
?[1;31m
Start test 32?[0m
How many mines do you want on the field? > 
> 2
 |123456789|
-|---------|
1|.........|
2|.........|
3|.........|
4|.........|
5|.........|
6|.........|
7|.........|
8|.........|
9|.........|
-|---------|
Set/unset mine marks or claim a cell as free: > 
> 7 9 mine
 |123456789|
-|---------|
1|.........|
2|.........|
3|.........|
4|.........|
5|.........|
6|.........|
7|.........|
8|.........|
9|......*..|
-|---------|
Set/unset mine marks or claim a cell as free: > 
> 7 8 mine
 |123456789|
-|---------|
1|.........|
2|.........|
3|.........|
4|.........|
5|.........|
6|.........|
7|.........|
8|......*..|
9|......*..|
-|---------|
Set/unset mine marks or claim a cell as free: > 
> 7 8 mine
 |123456789|
-|---------|
1|.........|
2|.........|
3|.........|
4|.........|
5|.........|
6|.........|
7|.........|
8|.........|
9|......*..|
-|---------|
Set/unset mine marks or claim a cell as free: > 
> 8 9 free
 |123456789|
-|---------|
1|...1/////|
2|.211/////|
3|11///////|
4|/////////|
5|/////////|
6|/////////|
7|/////////|
8|/////////|
9|/////////|
-|---------|
Set/unset mine marks or claim a cell as free: > 
> 1 1 mine
 |123456789|
-|---------|
1|*..1/////|
2|.211/////|
3|11///////|
4|/////////|
5|/////////|
6|/////////|
7|/////////|
8|/////////|
9|/////////|
-|---------|
Set/unset mine marks or claim a cell as free: > 
> 1 2 free
 |123456789|
-|---------|
1|*.X1/////|
2|X211/////|
3|11///////|
4|/////////|
5|/////////|
6|/////////|
7|/////////|
8|/////////|
9|/////////|
-|---------|
You stepped on a mine and failed!
?[1;31m
Start test 33?[0m
How many mines do you want on the field? > 
> 2
 |123456789|
-|---------|
1|.........|
2|.........|
3|.........|
4|.........|
5|.........|
6|.........|
7|.........|
8|.........|
9|.........|
-|---------|
Set/unset mine marks or claim a cell as free: > 
> 1 6 free
 |123456789|
-|---------|
1|/////////|
2|11///////|
3|.1///////|
4|11///////|
5|/////////|
6|/////////|
7|/////////|
8|111//////|
9|..1//////|
-|---------|
Set/unset mine marks or claim a cell as free: > 
> 2 9 free
 |123456789|
-|---------|
1|/////////|
2|11///////|
3|X1///////|
4|11///////|
5|/////////|
6|/////////|
7|/////////|
8|111//////|
9|.X1//////|
-|---------|
You stepped on a mine and failed!
?[1;31m
Start test 34?[0m
How many mines do you want on the field? > 
> 2
 |123456789|
-|---------|
1|.........|
2|.........|
3|.........|
4|.........|
5|.........|
6|.........|
7|.........|
8|.........|
9|.........|
-|---------|
Set/unset mine marks or claim a cell as free: > 
> 1 1 free
 |123456789|
-|---------|
1|1........|
2|.........|
3|.........|
4|.........|
5|.........|
6|.........|
7|.........|
8|.........|
9|.........|
-|---------|
Set/unset mine marks or claim a cell as free: > 
> 4 6 mine
 |123456789|
-|---------|
1|1........|
2|.........|
3|.........|
4|.........|
5|.........|
6|...*.....|
7|.........|
8|.........|
9|.........|
-|---------|
Set/unset mine marks or claim a cell as free: > 
> 9 4 free
 |123456789|
-|---------|
1|1.1//////|
2|111//////|
3|/111/////|
4|/1.1/////|
5|/111/////|
6|/////////|
7|/////////|
8|/////////|
9|/////////|
-|---------|
Set/unset mine marks or claim a cell as free: > 
> 2 1 mine
 |123456789|
-|---------|
1|1*1//////|
2|111//////|
3|/111/////|
4|/1.1/////|
5|/111/////|
6|/////////|
7|/////////|
8|/////////|
9|/////////|
-|---------|
Set/unset mine marks or claim a cell as free: > 
> 3 4 mine
 |123456789|
-|---------|
1|1*1//////|
2|111//////|
3|/111/////|
4|/1*1/////|
5|/111/////|
6|/////////|
7|/////////|
8|/////////|
9|/////////|
-|---------|
Set/unset mine marks or claim a cell as free: > 
> 2 1 mine
 |123456789|
-|---------|
1|1.1//////|
2|111//////|
3|/111/////|
4|/1*1/////|
5|/111/////|
6|/////////|
7|/////////|
8|/////////|
9|/////////|
-|---------|
Set/unset mine marks or claim a cell as free: > 
> 2 1 free
 |123456789|
-|---------|
1|1X1//////|
2|111//////|
3|/111/////|
4|/1X1/////|
5|/111/////|
6|/////////|
7|/////////|
8|/////////|
9|/////////|
-|---------|
You stepped on a mine and failed!
?[1;31m
Start test 35?[0m
How many mines do you want on the field? > 
> 2
 |123456789|
-|---------|
1|.........|
2|.........|
3|.........|
4|.........|
5|.........|
6|.........|
7|.........|
8|.........|
9|.........|
-|---------|
Set/unset mine marks or claim a cell as free: > 
> 7 3 free
 |123456789|
-|---------|
1|/////////|
2|/////////|
3|111//////|
4|..1//////|
5|111//////|
6|/////////|
7|/////////|
8|///////11|
9|///////1.|
-|---------|
Set/unset mine marks or claim a cell as free: > 
> 2 4 mine
 |123456789|
-|---------|
1|/////////|
2|/////////|
3|111//////|
4|.*1//////|
5|111//////|
6|/////////|
7|/////////|
8|///////11|
9|///////1.|
-|---------|
Set/unset mine marks or claim a cell as free: > 
> 2 4 mine
 |123456789|
-|---------|
1|/////////|
2|/////////|
3|111//////|
4|..1//////|
5|111//////|
6|/////////|
7|/////////|
8|///////11|
9|///////1.|
-|---------|
Set/unset mine marks or claim a cell as free: > 
> 9 9 free
 |123456789|
-|---------|
1|/////////|
2|/////////|
3|111//////|
4|.X1//////|
5|111//////|
6|/////////|
7|/////////|
8|///////11|
9|///////1X|
-|---------|
You stepped on a mine and failed!
?[1;31m
Start test 36?[0m
How many mines do you want on the field? > 
> 2
 |123456789|
-|---------|
1|.........|
2|.........|
3|.........|
4|.........|
5|.........|
6|.........|
7|.........|
8|.........|
9|.........|
-|---------|
Set/unset mine marks or claim a cell as free: > 
> 3 5 free
 |123456789|
-|---------|
1|///1.1///|
2|///111///|
3|/////////|
4|///111///|
5|///1.1///|
6|///111///|
7|/////////|
8|/////////|
9|/////////|
-|---------|
Set/unset mine marks or claim a cell as free: > 
> 5 5 free
 |123456789|
-|---------|
1|///1X1///|
2|///111///|
3|/////////|
4|///111///|
5|///1X1///|
6|///111///|
7|/////////|
8|/////////|
9|/////////|
-|---------|
You stepped on a mine and failed!
?[1;31m
Start test 37?[0m
How many mines do you want on the field? > 
> 2
 |123456789|
-|---------|
1|.........|
2|.........|
3|.........|
4|.........|
5|.........|
6|.........|
7|.........|
8|.........|
9|.........|
-|---------|
Set/unset mine marks or claim a cell as free: > 
> 5 1 free
 |123456789|
-|---------|
1|....1....|
2|.........|
3|.........|
4|.........|
5|.........|
6|.........|
7|.........|
8|.........|
9|.........|
-|---------|
Set/unset mine marks or claim a cell as free: > 
> 5 2 free
 |123456789|
-|---------|
1|....1....|
2|....2....|
3|.........|
4|.........|
5|.........|
6|.........|
7|.........|
8|.........|
9|.........|
-|---------|
Set/unset mine marks or claim a cell as free: > 
> 3 4 mine
 |123456789|
-|---------|
1|....1....|
2|....2....|
3|.........|
4|..*......|
5|.........|
6|.........|
7|.........|
8|.........|
9|.........|
-|---------|
Set/unset mine marks or claim a cell as free: > 
> 2 7 mine
 |123456789|
-|---------|
1|....1....|
2|....2....|
3|.........|
4|..*......|
5|.........|
6|.........|
7|.*.......|
8|.........|
9|.........|
-|---------|
Set/unset mine marks or claim a cell as free: > 
> 6 8 free
 |123456789|
-|---------|
1|////1.1//|
2|///1221//|
3|///1.1///|
4|///111///|
5|/////////|
6|/////////|
7|/////////|
8|/////////|
9|/////////|
-|---------|
Set/unset mine marks or claim a cell as free: > 
> 6 1 free
 |123456789|
-|---------|
1|////1X1//|
2|///1221//|
3|///1X1///|
4|///111///|
5|/////////|
6|/////////|
7|/////////|
8|/////////|
9|/////////|
-|---------|
You stepped on a mine and failed!
?[1;31m
Start test 38?[0m
How many mines do you want on the field? > 
> 2
 |123456789|
-|---------|
1|.........|
2|.........|
3|.........|
4|.........|
5|.........|
6|.........|
7|.........|
8|.........|
9|.........|
-|---------|
Set/unset mine marks or claim a cell as free: > 
> 8 7 mine
 |123456789|
-|---------|
1|.........|
2|.........|
3|.........|
4|.........|
5|.........|
6|.........|
7|.......*.|
8|.........|
9|.........|
-|---------|
Set/unset mine marks or claim a cell as free: > 
> 2 3 free
 |123456789|
-|---------|
1|/////////|
2|///111///|
3|///1.1///|
4|///111///|
5|/////////|
6|/////////|
7|//111////|
8|//1.1////|
9|//1.1////|
-|---------|
Set/unset mine marks or claim a cell as free: > 
> 4 9 mine
 |123456789|
-|---------|
1|/////////|
2|///111///|
3|///1.1///|
4|///111///|
5|/////////|
6|/////////|
7|//111////|
8|//1.1////|
9|//1*1////|
-|---------|
Set/unset mine marks or claim a cell as free: > 
> 4 8 free
 |123456789|
-|---------|
1|/////////|
2|///111///|
3|///1X1///|
4|///111///|
5|/////////|
6|/////////|
7|//111////|
8|//1X1////|
9|//1*1////|
-|---------|
You stepped on a mine and failed!
?[1;31m
Start test 39?[0m
How many mines do you want on the field? > 
> 2
 |123456789|
-|---------|
1|.........|
2|.........|
3|.........|
4|.........|
5|.........|
6|.........|
7|.........|
8|.........|
9|.........|
-|---------|
Set/unset mine marks or claim a cell as free: > 
> 9 7 mine
 |123456789|
-|---------|
1|.........|
2|.........|
3|.........|
4|.........|
5|.........|
6|.........|
7|........*|
8|.........|
9|.........|
-|---------|
Set/unset mine marks or claim a cell as free: > 
> 7 9 free
 |123456789|
-|---------|
1|////1.1//|
2|////1.1//|
3|////111//|
4|/////////|
5|/////////|
6|/////////|
7|/111/////|
8|/1.1/////|
9|/1.1/////|
-|---------|
Set/unset mine marks or claim a cell as free: > 
> 6 1 free
 |123456789|
-|---------|
1|////111//|
2|////1.1//|
3|////111//|
4|/////////|
5|/////////|
6|/////////|
7|/111/////|
8|/1.1/////|
9|/1.1/////|
-|---------|
Set/unset mine marks or claim a cell as free: > 
> 3 9 mine
 |123456789|
-|---------|
1|////111//|
2|////1.1//|
3|////111//|
4|/////////|
5|/////////|
6|/////////|
7|/111/////|
8|/1.1/////|
9|/1*1/////|
-|---------|
Set/unset mine marks or claim a cell as free: > 
> 3 9 mine
 |123456789|
-|---------|
1|////111//|
2|////1.1//|
3|////111//|
4|/////////|
5|/////////|
6|/////////|
7|/111/////|
8|/1.1/////|
9|/1.1/////|
-|---------|
Set/unset mine marks or claim a cell as free: > 
> 3 9 free
 |123456789|
-|---------|
1|////111//|
2|////1.1//|
3|////111//|
4|/////////|
5|/////////|
6|/////////|
7|/111/////|
8|/1.1/////|
9|/111/////|
-|---------|
Set/unset mine marks or claim a cell as free: > 
> 3 8 free
 |123456789|
-|---------|
1|////111//|
2|////1X1//|
3|////111//|
4|/////////|
5|/////////|
6|/////////|
7|/111/////|
8|/1X1/////|
9|/111/////|
-|---------|
You stepped on a mine and failed!
?[1;31m
Start test 40?[0m
How many mines do you want on the field? > 
> 2
 |123456789|
-|---------|
1|.........|
2|.........|
3|.........|
4|.........|
5|.........|
6|.........|
7|.........|
8|.........|
9|.........|
-|---------|
Set/unset mine marks or claim a cell as free: > 
> 5 4 free
 |123456789|
-|---------|
1|/////////|
2|/////////|
3|/////////|
4|/////////|
5|/////////|
6|///////11|
7|/////112.|
8|/////1...|
9|/////1...|
-|---------|
Set/unset mine marks or claim a cell as free: > 
> 9 9 free
 |123456789|
-|---------|
1|/////////|
2|/////////|
3|/////////|
4|/////////|
5|/////////|
6|///////11|
7|/////112.|
8|/////1.21|
9|/////1.1/|
-|---------|
Set/unset mine marks or claim a cell as free: > 
> 7 8 free
 |123456789|
-|---------|
1|/////////|
2|/////////|
3|/////////|
4|/////////|
5|/////////|
6|///////11|
7|/////112X|
8|/////1X21|
9|/////1.1/|
-|---------|
You stepped on a mine and failed!
?[1;31m
Start test 41?[0m
How many mines do you want on the field? > 
> 3
 |123456789|
-|---------|
1|.........|
2|.........|
3|.........|
4|.........|
5|.........|
6|.........|
7|.........|
8|.........|
9|.........|
-|---------|
Set/unset mine marks or claim a cell as free: > 
> 2 5 free
 |123456789|
-|---------|
1|/////////|
2|////111//|
3|////1.111|
4|//112111.|
5|//1.1//11|
6|//111////|
7|/////////|
8|/////////|
9|/////////|
-|---------|
Set/unset mine marks or claim a cell as free: > 
> 4 5 free
 |123456789|
-|---------|
1|/////////|
2|////111//|
3|////1X111|
4|//112111X|
5|//1X1//11|
6|//111////|
7|/////////|
8|/////////|
9|/////////|
-|---------|
You stepped on a mine and failed!
?[1;31m
Start test 42?[0m
How many mines do you want on the field? > 
> 3
 |123456789|
-|---------|
1|.........|
2|.........|
3|.........|
4|.........|
5|.........|
6|.........|
7|.........|
8|.........|
9|.........|
-|---------|
Set/unset mine marks or claim a cell as free: > 
> 7 2 free
 |123456789|
-|---------|
1|.........|
2|......1..|
3|.........|
4|.........|
5|.........|
6|.........|
7|.........|
8|.........|
9|.........|
-|---------|
Set/unset mine marks or claim a cell as free: > 
> 2 7 free
 |123456789|
-|---------|
1|.........|
2|......1..|
3|.........|
4|.........|
5|.........|
6|.........|
7|.1.......|
8|.........|
9|.........|
-|---------|
Set/unset mine marks or claim a cell as free: > 
> 3 7 free
 |123456789|
-|---------|
1|.........|
2|.....X1..|
3|.........|
4|.........|
5|.........|
6|......X..|
7|.1X......|
8|.........|
9|.........|
-|---------|
You stepped on a mine and failed!
?[1;31m
Start test 43?[0m
How many mines do you want on the field? > 
> 3
 |123456789|
-|---------|
1|.........|
2|.........|
3|.........|
4|.........|
5|.........|
6|.........|
7|.........|
8|.........|
9|.........|
-|---------|
Set/unset mine marks or claim a cell as free: > 
> 3 6 free
 |123456789|
-|---------|
1|/////1.1/|
2|/////1.1/|
3|/111/111/|
4|/1.1/////|
5|/111/////|
6|//////111|
7|//////1..|
8|//////111|
9|/////////|
-|---------|
Set/unset mine marks or claim a cell as free: > 
> 7 2 free
 |123456789|
-|---------|
1|/////1.1/|
2|/////1X1/|
3|/111/111/|
4|/1X1/////|
5|/111/////|
6|//////111|
7|//////1X.|
8|//////111|
9|/////////|
-|---------|
You stepped on a mine and failed!
?[1;31m
Start test 44?[0m
How many mines do you want on the field? > 
> 3
 |123456789|
-|---------|
1|.........|
2|.........|
3|.........|
4|.........|
5|.........|
6|.........|
7|.........|
8|.........|
9|.........|
-|---------|
Set/unset mine marks or claim a cell as free: > 
> 7 9 mine
 |123456789|
-|---------|
1|.........|
2|.........|
3|.........|
4|.........|
5|.........|
6|.........|
7|.........|
8|.........|
9|......*..|
-|---------|
Set/unset mine marks or claim a cell as free: > 
> 4 4 free
 |123456789|
-|---------|
1|///1.1///|
2|///111///|
3|/////////|
4|///////11|
5|///////1.|
6|///////11|
7|/////////|
8|11///////|
9|.1///////|
-|---------|
Set/unset mine marks or claim a cell as free: > 
> 1 9 mine
 |123456789|
-|---------|
1|///1.1///|
2|///111///|
3|/////////|
4|///////11|
5|///////1.|
6|///////11|
7|/////////|
8|11///////|
9|*1///////|
-|---------|
Set/unset mine marks or claim a cell as free: > 
> 5 1 free
 |123456789|
-|---------|
1|///1X1///|
2|///111///|
3|/////////|
4|///////11|
5|///////1X|
6|///////11|
7|/////////|
8|11///////|
9|X1///////|
-|---------|
You stepped on a mine and failed!
?[1;31m
Start test 45?[0m
How many mines do you want on the field? > 
> 3
 |123456789|
-|---------|
1|.........|
2|.........|
3|.........|
4|.........|
5|.........|
6|.........|
7|.........|
8|.........|
9|.........|
-|---------|
Set/unset mine marks or claim a cell as free: > 
> 8 9 free
 |123456789|
-|---------|
1|/////////|
2|/////////|
3|11///////|
4|.1////111|
5|.21///1..|
6|..1///111|
7|111//////|
8|/////////|
9|/////////|
-|---------|
Set/unset mine marks or claim a cell as free: > 
> 2 6 free
 |123456789|
-|---------|
1|/////////|
2|/////////|
3|11///////|
4|X1////111|
5|.21///1X.|
6|.X1///111|
7|111//////|
8|/////////|
9|/////////|
-|---------|
You stepped on a mine and failed!
?[1;31m
Start test 46?[0m
How many mines do you want on the field? > 
> 3
 |123456789|
-|---------|
1|.........|
2|.........|
3|.........|
4|.........|
5|.........|
6|.........|
7|.........|
8|.........|
9|.........|
-|---------|
Set/unset mine marks or claim a cell as free: > 
> 6 2 free
 |123456789|
-|---------|
1|/////////|
2|/////////|
3|/////////|
4|////1221/|
5|11//1..1/|
6|.1//1221/|
7|11///////|
8|/////////|
9|/////////|
-|---------|
Set/unset mine marks or claim a cell as free: > 
> 1 6 free
 |123456789|
-|---------|
1|/////////|
2|/////////|
3|/////////|
4|////1221/|
5|11//1XX1/|
6|X1//1221/|
7|11///////|
8|/////////|
9|/////////|
-|---------|
You stepped on a mine and failed!
?[1;31m
Start test 47?[0m
How many mines do you want on the field? > 
> 3
 |123456789|
-|---------|
1|.........|
2|.........|
3|.........|
4|.........|
5|.........|
6|.........|
7|.........|
8|.........|
9|.........|
-|---------|
Set/unset mine marks or claim a cell as free: > 
> 3 8 free
 |123456789|
-|---------|
1|/////////|
2|//////111|
3|//////1..|
4|//////1..|
5|//////1..|
6|11////1..|
7|.1////111|
8|11///////|
9|/////////|
-|---------|
Set/unset mine marks or claim a cell as free: > 
> 8 4 free
 |123456789|
-|---------|
1|/////////|
2|//////111|
3|//////1..|
4|//////11.|
5|//////1..|
6|11////1..|
7|.1////111|
8|11///////|
9|/////////|
-|---------|
Set/unset mine marks or claim a cell as free: > 
> 8 3 mine
 |123456789|
-|---------|
1|/////////|
2|//////111|
3|//////1*.|
4|//////11.|
5|//////1..|
6|11////1..|
7|.1////111|
8|11///////|
9|/////////|
-|---------|
Set/unset mine marks or claim a cell as free: > 
> 9 6 free
 |123456789|
-|---------|
1|/////////|
2|//////111|
3|//////1*.|
4|//////11.|
5|//////1..|
6|11////1.1|
7|.1////111|
8|11///////|
9|/////////|
-|---------|
Set/unset mine marks or claim a cell as free: > 
> 9 5 mine
 |123456789|
-|---------|
1|/////////|
2|//////111|
3|//////1*.|
4|//////11.|
5|//////1.*|
6|11////1.1|
7|.1////111|
8|11///////|
9|/////////|
-|---------|
Set/unset mine marks or claim a cell as free: > 
> 9 3 mine
 |123456789|
-|---------|
1|/////////|
2|//////111|
3|//////1**|
4|//////11.|
5|//////1.*|
6|11////1.1|
7|.1////111|
8|11///////|
9|/////////|
-|---------|
Set/unset mine marks or claim a cell as free: > 
> 9 4 mine
 |123456789|
-|---------|
1|/////////|
2|//////111|
3|//////1**|
4|//////11*|
5|//////1.*|
6|11////1.1|
7|.1////111|
8|11///////|
9|/////////|
-|---------|
Set/unset mine marks or claim a cell as free: > 
> 8 3 mine
 |123456789|
-|---------|
1|/////////|
2|//////111|
3|//////1.*|
4|//////11*|
5|//////1.*|
6|11////1.1|
7|.1////111|
8|11///////|
9|/////////|
-|---------|
Set/unset mine marks or claim a cell as free: > 
> 8 3 free
 |123456789|
-|---------|
1|/////////|
2|//////111|
3|//////1X*|
4|//////11*|
5|//////1.*|
6|11////1X1|
7|X1////111|
8|11///////|
9|/////////|
-|---------|
You stepped on a mine and failed!
?[1;31m
Start test 48?[0m
How many mines do you want on the field? > 
> 3
 |123456789|
-|---------|
1|.........|
2|.........|
3|.........|
4|.........|
5|.........|
6|.........|
7|.........|
8|.........|
9|.........|
-|---------|
Set/unset mine marks or claim a cell as free: > 
> 4 3 mine
 |123456789|
-|---------|
1|.........|
2|.........|
3|...*.....|
4|.........|
5|.........|
6|.........|
7|.........|
8|.........|
9|.........|
-|---------|
Set/unset mine marks or claim a cell as free: > 
> 4 3 mine
 |123456789|
-|---------|
1|.........|
2|.........|
3|.........|
4|.........|
5|.........|
6|.........|
7|.........|
8|.........|
9|.........|
-|---------|
Set/unset mine marks or claim a cell as free: > 
> 1 7 free
 |123456789|
-|---------|
1|.1///////|
2|11///////|
3|////111//|
4|////1.1//|
5|////111//|
6|/////////|
7|/111/////|
8|/1.1/////|
9|/1.1/////|
-|---------|
Set/unset mine marks or claim a cell as free: > 
> 1 1 mine
 |123456789|
-|---------|
1|*1///////|
2|11///////|
3|////111//|
4|////1.1//|
5|////111//|
6|/////////|
7|/111/////|
8|/1.1/////|
9|/1.1/////|
-|---------|
Set/unset mine marks or claim a cell as free: > 
> 1 1 mine
 |123456789|
-|---------|
1|.1///////|
2|11///////|
3|////111//|
4|////1.1//|
5|////111//|
6|/////////|
7|/111/////|
8|/1.1/////|
9|/1.1/////|
-|---------|
Set/unset mine marks or claim a cell as free: > 
> 3 8 mine
 |123456789|
-|---------|
1|.1///////|
2|11///////|
3|////111//|
4|////1.1//|
5|////111//|
6|/////////|
7|/111/////|
8|/1*1/////|
9|/1.1/////|
-|---------|
Set/unset mine marks or claim a cell as free: > 
> 1 1 mine
 |123456789|
-|---------|
1|*1///////|
2|11///////|
3|////111//|
4|////1.1//|
5|////111//|
6|/////////|
7|/111/////|
8|/1*1/////|
9|/1.1/////|
-|---------|
Set/unset mine marks or claim a cell as free: > 
> 3 9 free
 |123456789|
-|---------|
1|*1///////|
2|11///////|
3|////111//|
4|////1.1//|
5|////111//|
6|/////////|
7|/111/////|
8|/1*1/////|
9|/111/////|
-|---------|
Set/unset mine marks or claim a cell as free: > 
> 6 4 mine
 |123456789|
-|---------|
1|*1///////|
2|11///////|
3|////111//|
4|////1*1//|
5|////111//|
6|/////////|
7|/111/////|
8|/1*1/////|
9|/111/////|
-|---------|
Congratulations! You found all the mines!
?[1;31m
Start test 49?[0m
How many mines do you want on the field? > 
> 3
 |123456789|
-|---------|
1|.........|
2|.........|
3|.........|
4|.........|
5|.........|
6|.........|
7|.........|
8|.........|
9|.........|
-|---------|
Set/unset mine marks or claim a cell as free: > 
> 9 3 mine
 |123456789|
-|---------|
1|.........|
2|.........|
3|........*|
4|.........|
5|.........|
6|.........|
7|.........|
8|.........|
9|.........|
-|---------|
Set/unset mine marks or claim a cell as free: > 
> 5 8 free
 |123456789|
-|---------|
1|.........|
2|.........|
3|........*|
4|.........|
5|.........|
6|.........|
7|.........|
8|....1....|
9|.........|
-|---------|
Set/unset mine marks or claim a cell as free: > 
> 7 3 free
 |123456789|
-|---------|
1|//////1..|
2|//////111|
3|/////////|
4|/////////|
5|//////111|
6|//////1..|
7|//111/111|
8|//1.1////|
9|//1.1////|
-|---------|
Set/unset mine marks or claim a cell as free: > 
> 8 1 free
 |123456789|
-|---------|
1|//////1X.|
2|//////111|
3|/////////|
4|/////////|
5|//////111|
6|//////1X.|
7|//111/111|
8|//1X1////|
9|//1.1////|
-|---------|
You stepped on a mine and failed!
?[1;31m
Start test 50?[0m
How many mines do you want on the field? > 
> 3
 |123456789|
-|---------|
1|.........|
2|.........|
3|.........|
4|.........|
5|.........|
6|.........|
7|.........|
8|.........|
9|.........|
-|---------|
Set/unset mine marks or claim a cell as free: > 
> 5 9 free
 |123456789|
-|---------|
1|/////////|
2|/////////|
3|//11211//|
4|//1...1//|
5|1121211//|
6|..1//////|
7|111//////|
8|/////////|
9|/////////|
-|---------|
Set/unset mine marks or claim a cell as free: > 
> 5 4 free
 |123456789|
-|---------|
1|/////////|
2|/////////|
3|//11211//|
4|//1.2.1//|
5|1121211//|
6|..1//////|
7|111//////|
8|/////////|
9|/////////|
-|---------|
Set/unset mine marks or claim a cell as free: > 
> 2 6 free
 |123456789|
-|---------|
1|/////////|
2|/////////|
3|//11211//|
4|//1X2X1//|
5|1121211//|
6|.X1//////|
7|111//////|
8|/////////|
9|/////////|
-|---------|
You stepped on a mine and failed!
?[1;31m
Start test 51?[0m
How many mines do you want on the field? > 
> 3
 |123456789|
-|---------|
1|.........|
2|.........|
3|.........|
4|.........|
5|.........|
6|.........|
7|.........|
8|.........|
9|.........|
-|---------|
Set/unset mine marks or claim a cell as free: > 
> 7 9 free
 |123456789|
-|---------|
1|/////////|
2|/////////|
3|/////////|
4|/////////|
5|/111/////|
6|/2.2/////|
7|13.2/////|
8|.211/////|
9|.1///////|
-|---------|
Set/unset mine marks or claim a cell as free: > 
> 1 8 mine
 |123456789|
-|---------|
1|/////////|
2|/////////|
3|/////////|
4|/////////|
5|/111/////|
6|/2.2/////|
7|13.2/////|
8|*211/////|
9|.1///////|
-|---------|
Set/unset mine marks or claim a cell as free: > 
> 3 6 free
 |123456789|
-|---------|
1|/////////|
2|/////////|
3|/////////|
4|/////////|
5|/111/////|
6|/2X2/////|
7|13X2/////|
8|X211/////|
9|.1///////|
-|---------|
You stepped on a mine and failed!
?[1;31m
Start test 52?[0m
How many mines do you want on the field? > 
> 3
 |123456789|
-|---------|
1|.........|
2|.........|
3|.........|
4|.........|
5|.........|
6|.........|
7|.........|
8|.........|
9|.........|
-|---------|
Set/unset mine marks or claim a cell as free: > 
> 5 8 free
 |123456789|
-|---------|
1|/////////|
2|/////////|
3|//111////|
4|//1.1////|
5|//111////|
6|//////111|
7|//////2..|
8|//////2..|
9|//////1..|
-|---------|
Set/unset mine marks or claim a cell as free: > 
> 9 7 free
 |123456789|
-|---------|
1|/////////|
2|/////////|
3|//111////|
4|//1.1////|
5|//111////|
6|//////111|
7|//////2.2|
8|//////2..|
9|//////1..|
-|---------|
Set/unset mine marks or claim a cell as free: > 
> 9 8 free
 |123456789|
-|---------|
1|/////////|
2|/////////|
3|//111////|
4|//1.1////|
5|//111////|
6|//////111|
7|//////2.2|
8|//////2.2|
9|//////1..|
-|---------|
Set/unset mine marks or claim a cell as free: > 
> 9 9 free
 |123456789|
-|---------|
1|/////////|
2|/////////|
3|//111////|
4|//1.1////|
5|//111////|
6|//////111|
7|//////2.2|
8|//////2.2|
9|//////1.1|
-|---------|
Set/unset mine marks or claim a cell as free: > 
> 8 7 free
 |123456789|
-|---------|
1|/////////|
2|/////////|
3|//111////|
4|//1X1////|
5|//111////|
6|//////111|
7|//////2X2|
8|//////2X2|
9|//////1.1|
-|---------|
You stepped on a mine and failed!
?[1;31m
Start test 53?[0m
How many mines do you want on the field? > 
> 3
 |123456789|
-|---------|
1|.........|
2|.........|
3|.........|
4|.........|
5|.........|
6|.........|
7|.........|
8|.........|
9|.........|
-|---------|
Set/unset mine marks or claim a cell as free: > 
> 1 9 free
 |123456789|
-|---------|
1|.........|
2|.........|
3|.........|
4|.........|
5|.........|
6|.........|
7|.........|
8|.........|
9|1........|
-|---------|
Set/unset mine marks or claim a cell as free: > 
> 3 6 free
 |123456789|
-|---------|
1|/////////|
2|////111//|
3|////1.1//|
4|////111//|
5|/////////|
6|/////////|
7|111//////|
8|..21/////|
9|1..1/////|
-|---------|
Set/unset mine marks or claim a cell as free: > 
> 3 9 mine
 |123456789|
-|---------|
1|/////////|
2|////111//|
3|////1.1//|
4|////111//|
5|/////////|
6|/////////|
7|111//////|
8|..21/////|
9|1.*1/////|
-|---------|
Set/unset mine marks or claim a cell as free: > 
> 6 3 free
 |123456789|
-|---------|
1|/////////|
2|////111//|
3|////1X1//|
4|////111//|
5|/////////|
6|/////////|
7|111//////|
8|.X21/////|
9|1.X1/////|
-|---------|
You stepped on a mine and failed!
?[1;31m
Start test 54?[0m
How many mines do you want on the field? > 
> 3
 |123456789|
-|---------|
1|.........|
2|.........|
3|.........|
4|.........|
5|.........|
6|.........|
7|.........|
8|.........|
9|.........|
-|---------|
Set/unset mine marks or claim a cell as free: > 
> 1 7 free
 |123456789|
-|---------|
1|.1/////1.|
2|.1/////11|
3|11///////|
4|/////////|
5|/////////|
6|//111////|
7|//1.1////|
8|//111////|
9|/////////|
-|---------|
Set/unset mine marks or claim a cell as free: > 
> 9 1 mine
 |123456789|
-|---------|
1|.1/////1*|
2|.1/////11|
3|11///////|
4|/////////|
5|/////////|
6|//111////|
7|//1.1////|
8|//111////|
9|/////////|
-|---------|
Set/unset mine marks or claim a cell as free: > 
> 1 2 free
 |123456789|
-|---------|
1|.1/////1X|
2|X1/////11|
3|11///////|
4|/////////|
5|/////////|
6|//111////|
7|//1X1////|
8|//111////|
9|/////////|
-|---------|
You stepped on a mine and failed!
?[1;31m
Start test 55?[0m
How many mines do you want on the field? > 
> 3
 |123456789|
-|---------|
1|.........|
2|.........|
3|.........|
4|.........|
5|.........|
6|.........|
7|.........|
8|.........|
9|.........|
-|---------|
Set/unset mine marks or claim a cell as free: > 
> 5 3 free
 |123456789|
-|---------|
1|.........|
2|.........|
3|....1....|
4|.........|
5|.........|
6|.........|
7|.........|
8|.........|
9|.........|
-|---------|
Set/unset mine marks or claim a cell as free: > 
> 4 9 mine
 |123456789|
-|---------|
1|.........|
2|.........|
3|....1....|
4|.........|
5|.........|
6|.........|
7|.........|
8|.........|
9|...*.....|
-|---------|
Set/unset mine marks or claim a cell as free: > 
> 4 9 mine
 |123456789|
-|---------|
1|.........|
2|.........|
3|....1....|
4|.........|
5|.........|
6|.........|
7|.........|
8|.........|
9|.........|
-|---------|
Set/unset mine marks or claim a cell as free: > 
> 4 7 free
 |123456789|
-|---------|
1|/////////|
2|/////////|
3|////11211|
4|////1....|
5|////11211|
6|/////////|
7|11///////|
8|.1///////|
9|.1///////|
-|---------|
Set/unset mine marks or claim a cell as free: > 
> 1 9 mine
 |123456789|
-|---------|
1|/////////|
2|/////////|
3|////11211|
4|////1....|
5|////11211|
6|/////////|
7|11///////|
8|.1///////|
9|*1///////|
-|---------|
Set/unset mine marks or claim a cell as free: > 
> 6 4 free
 |123456789|
-|---------|
1|/////////|
2|/////////|
3|////11211|
4|////1X.X.|
5|////11211|
6|/////////|
7|11///////|
8|X1///////|
9|*1///////|
-|---------|
You stepped on a mine and failed!
?[1;31m
Start test 56?[0m
How many mines do you want on the field? > 
> 3
 |123456789|
-|---------|
1|.........|
2|.........|
3|.........|
4|.........|
5|.........|
6|.........|
7|.........|
8|.........|
9|.........|
-|---------|
Set/unset mine marks or claim a cell as free: > 
> 8 6 free
 |123456789|
-|---------|
1|..1//////|
2|..1//////|
3|111//////|
4|/////////|
5|////111//|
6|////1.1//|
7|////111//|
8|/////////|
9|/////////|
-|---------|
Set/unset mine marks or claim a cell as free: > 
> 2 2 mine
 |123456789|
-|---------|
1|..1//////|
2|.*1//////|
3|111//////|
4|/////////|
5|////111//|
6|////1.1//|
7|////111//|
8|/////////|
9|/////////|
-|---------|
Set/unset mine marks or claim a cell as free: > 
> 2 2 mine
 |123456789|
-|---------|
1|..1//////|
2|..1//////|
3|111//////|
4|/////////|
5|////111//|
6|////1.1//|
7|////111//|
8|/////////|
9|/////////|
-|---------|
Set/unset mine marks or claim a cell as free: > 
> 2 2 free
 |123456789|
-|---------|
1|X.1//////|
2|.X1//////|
3|111//////|
4|/////////|
5|////111//|
6|////1X1//|
7|////111//|
8|/////////|
9|/////////|
-|---------|
You stepped on a mine and failed!
?[1;31m
Start test 57?[0m
How many mines do you want on the field? > 
> 3
 |123456789|
-|---------|
1|.........|
2|.........|
3|.........|
4|.........|
5|.........|
6|.........|
7|.........|
8|.........|
9|.........|
-|---------|
Set/unset mine marks or claim a cell as free: > 
> 9 7 mine
 |123456789|
-|---------|
1|.........|
2|.........|
3|.........|
4|.........|
5|.........|
6|.........|
7|........*|
8|.........|
9|.........|
-|---------|
Set/unset mine marks or claim a cell as free: > 
> 9 9 free
 |123456789|
-|---------|
1|//1.1////|
2|//111////|
3|///////11|
4|///////1.|
5|11/////11|
6|.1///////|
7|11///////|
8|/////////|
9|/////////|
-|---------|
Set/unset mine marks or claim a cell as free: > 
> 1 6 mine
 |123456789|
-|---------|
1|//1.1////|
2|//111////|
3|///////11|
4|///////1.|
5|11/////11|
6|*1///////|
7|11///////|
8|/////////|
9|/////////|
-|---------|
Set/unset mine marks or claim a cell as free: > 
> 4 1 free
 |123456789|
-|---------|
1|//1X1////|
2|//111////|
3|///////11|
4|///////1X|
5|11/////11|
6|X1///////|
7|11///////|
8|/////////|
9|/////////|
-|---------|
You stepped on a mine and failed!
?[1;31m
Start test 58?[0m
How many mines do you want on the field? > 
> 3
 |123456789|
-|---------|
1|.........|
2|.........|
3|.........|
4|.........|
5|.........|
6|.........|
7|.........|
8|.........|
9|.........|
-|---------|
Set/unset mine marks or claim a cell as free: > 
> 4 9 mine
 |123456789|
-|---------|
1|.........|
2|.........|
3|.........|
4|.........|
5|.........|
6|.........|
7|.........|
8|.........|
9|...*.....|
-|---------|
Set/unset mine marks or claim a cell as free: > 
> 3 7 free
 |123456789|
-|---------|
1|/////////|
2|/////////|
3|/////////|
4|111/111//|
5|..1/1.1//|
6|111/1.1//|
7|////1.1//|
8|////1.1//|
9|////1.1//|
-|---------|
Set/unset mine marks or claim a cell as free: > 
> 2 5 free
 |123456789|
-|---------|
1|/////////|
2|/////////|
3|/////////|
4|111/111//|
5|.X1/1X1//|
6|111/1.1//|
7|////1.1//|
8|////1X1//|
9|////1.1//|
-|---------|
You stepped on a mine and failed!
?[1;31m
Start test 59?[0m
How many mines do you want on the field? > 
> 3
 |123456789|
-|---------|
1|.........|
2|.........|
3|.........|
4|.........|
5|.........|
6|.........|
7|.........|
8|.........|
9|.........|
-|---------|
Set/unset mine marks or claim a cell as free: > 
> 5 2 free
 |123456789|
-|---------|
1|/////////|
2|111//////|
3|..1//////|
4|111////11|
5|///////1.|
6|///////11|
7|/////////|
8|///////11|
9|///////1.|
-|---------|
Set/unset mine marks or claim a cell as free: > 
> 2 3 mine
 |123456789|
-|---------|
1|/////////|
2|111//////|
3|.*1//////|
4|111////11|
5|///////1.|
6|///////11|
7|/////////|
8|///////11|
9|///////1.|
-|---------|
Set/unset mine marks or claim a cell as free: > 
> 9 5 free
 |123456789|
-|---------|
1|/////////|
2|111//////|
3|.X1//////|
4|111////11|
5|///////1X|
6|///////11|
7|/////////|
8|///////11|
9|///////1X|
-|---------|
You stepped on a mine and failed!
?[1;31m
Start test 60?[0m
How many mines do you want on the field? > 
> 3
 |123456789|
-|---------|
1|.........|
2|.........|
3|.........|
4|.........|
5|.........|
6|.........|
7|.........|
8|.........|
9|.........|
-|---------|
Set/unset mine marks or claim a cell as free: > 
> 9 5 mine
 |123456789|
-|---------|
1|.........|
2|.........|
3|.........|
4|.........|
5|........*|
6|.........|
7|.........|
8|.........|
9|.........|
-|---------|
Set/unset mine marks or claim a cell as free: > 
> 9 5 mine
 |123456789|
-|---------|
1|.........|
2|.........|
3|.........|
4|.........|
5|.........|
6|.........|
7|.........|
8|.........|
9|.........|
-|---------|
Set/unset mine marks or claim a cell as free: > 
> 4 5 free
 |123456789|
-|---------|
1|/1.1/////|
2|/111/////|
3|/////////|
4|/////////|
5|///////11|
6|111////1.|
7|..1////11|
8|111//////|
9|/////////|
-|---------|
Set/unset mine marks or claim a cell as free: > 
> 9 6 mine
 |123456789|
-|---------|
1|/1.1/////|
2|/111/////|
3|/////////|
4|/////////|
5|///////11|
6|111////1*|
7|..1////11|
8|111//////|
9|/////////|
-|---------|
Set/unset mine marks or claim a cell as free: > 
> 9 6 mine
 |123456789|
-|---------|
1|/1.1/////|
2|/111/////|
3|/////////|
4|/////////|
5|///////11|
6|111////1.|
7|..1////11|
8|111//////|
9|/////////|
-|---------|
Set/unset mine marks or claim a cell as free: > 
> 3 1 mine
 |123456789|
-|---------|
1|/1*1/////|
2|/111/////|
3|/////////|
4|/////////|
5|///////11|
6|111////1.|
7|..1////11|
8|111//////|
9|/////////|
-|---------|
Set/unset mine marks or claim a cell as free: > 
> 3 1 mine
 |123456789|
-|---------|
1|/1.1/////|
2|/111/////|
3|/////////|
4|/////////|
5|///////11|
6|111////1.|
7|..1////11|
8|111//////|
9|/////////|
-|---------|
Set/unset mine marks or claim a cell as free: > 
> 3 1 free
 |123456789|
-|---------|
1|/1X1/////|
2|/111/////|
3|/////////|
4|/////////|
5|///////11|
6|111////1X|
7|.X1////11|
8|111//////|
9|/////////|
-|---------|
You stepped on a mine and failed!
?[1;31m
Start test 61?[0m
How many mines do you want on the field? > 
> 4
 |123456789|
-|---------|
1|.........|
2|.........|
3|.........|
4|.........|
5|.........|
6|.........|
7|.........|
8|.........|
9|.........|
-|---------|
Set/unset mine marks or claim a cell as free: > 
> 2 8 free
 |123456789|
-|---------|
1|/1.1/////|
2|/111/////|
3|/////////|
4|///111///|
5|///1.1111|
6|//12211..|
7|//1.1/111|
8|//111////|
9|/////////|
-|---------|
Set/unset mine marks or claim a cell as free: > 
> 3 1 mine
 |123456789|
-|---------|
1|/1*1/////|
2|/111/////|
3|/////////|
4|///111///|
5|///1.1111|
6|//12211..|
7|//1.1/111|
8|//111////|
9|/////////|
-|---------|
Set/unset mine marks or claim a cell as free: > 
> 3 1 mine
 |123456789|
-|---------|
1|/1.1/////|
2|/111/////|
3|/////////|
4|///111///|
5|///1.1111|
6|//12211..|
7|//1.1/111|
8|//111////|
9|/////////|
-|---------|
Set/unset mine marks or claim a cell as free: > 
> 8 6 mine
 |123456789|
-|---------|
1|/1.1/////|
2|/111/////|
3|/////////|
4|///111///|
5|///1.1111|
6|//12211*.|
7|//1.1/111|
8|//111////|
9|/////////|
-|---------|
Set/unset mine marks or claim a cell as free: > 
> 3 1 free
 |123456789|
-|---------|
1|/1X1/////|
2|/111/////|
3|/////////|
4|///111///|
5|///1X1111|
6|//12211X.|
7|//1X1/111|
8|//111////|
9|/////////|
-|---------|
You stepped on a mine and failed!
?[1;31m
Start test 62?[0m
How many mines do you want on the field? > 
> 4
 |123456789|
-|---------|
1|.........|
2|.........|
3|.........|
4|.........|
5|.........|
6|.........|
7|.........|
8|.........|
9|.........|
-|---------|
Set/unset mine marks or claim a cell as free: > 
> 6 9 mine
 |123456789|
-|---------|
1|.........|
2|.........|
3|.........|
4|.........|
5|.........|
6|.........|
7|.........|
8|.........|
9|.....*...|
-|---------|
Set/unset mine marks or claim a cell as free: > 
> 6 9 mine
 |123456789|
-|---------|
1|.........|
2|.........|
3|.........|
4|.........|
5|.........|
6|.........|
7|.........|
8|.........|
9|.........|
-|---------|
Set/unset mine marks or claim a cell as free: > 
> 3 7 mine
 |123456789|
-|---------|
1|.........|
2|.........|
3|.........|
4|.........|
5|.........|
6|.........|
7|..*......|
8|.........|
9|.........|
-|---------|
Set/unset mine marks or claim a cell as free: > 
> 2 7 free
 |123456789|
-|---------|
1|....1////|
2|122.1////|
3|//111////|
4|/////////|
5|/////////|
6|/////////|
7|//111////|
8|//1.1////|
9|//1.1////|
-|---------|
Set/unset mine marks or claim a cell as free: > 
> 3 1 free
 |123456789|
-|---------|
1|X.X.1////|
2|122X1////|
3|//111////|
4|/////////|
5|/////////|
6|/////////|
7|//111////|
8|//1X1////|
9|//1.1////|
-|---------|
You stepped on a mine and failed!
?[1;31m
Start test 63?[0m
How many mines do you want on the field? > 
> 4
 |123456789|
-|---------|
1|.........|
2|.........|
3|.........|
4|.........|
5|.........|
6|.........|
7|.........|
8|.........|
9|.........|
-|---------|
Set/unset mine marks or claim a cell as free: > 
> 5 3 mine
 |123456789|
-|---------|
1|.........|
2|.........|
3|....*....|
4|.........|
5|.........|
6|.........|
7|.........|
8|.........|
9|.........|
-|---------|
Set/unset mine marks or claim a cell as free: > 
> 4 6 free
 |123456789|
-|---------|
1|/////////|
2|//////111|
3|//////1..|
4|//////1..|
5|////111..|
6|////1....|
7|////1....|
8|11111....|
9|.........|
-|---------|
Set/unset mine marks or claim a cell as free: > 
> 4 9 mine
 |123456789|
-|---------|
1|/////////|
2|//////111|
3|//////1..|
4|//////1..|
5|////111..|
6|////1....|
7|////1....|
8|11111....|
9|...*.....|
-|---------|
Set/unset mine marks or claim a cell as free: > 
> 9 7 free
 |123456789|
-|---------|
1|/////////|
2|//////111|
3|//////1..|
4|//////111|
5|////111//|
6|////1.1//|
7|////111//|
8|11111////|
9|...*1////|
-|---------|
Set/unset mine marks or claim a cell as free: > 
> 3 9 mine
 |123456789|
-|---------|
1|/////////|
2|//////111|
3|//////1..|
4|//////111|
5|////111//|
6|////1.1//|
7|////111//|
8|11111////|
9|..**1////|
-|---------|
Set/unset mine marks or claim a cell as free: > 
> 9 3 mine
 |123456789|
-|---------|
1|/////////|
2|//////111|
3|//////1.*|
4|//////111|
5|////111//|
6|////1.1//|
7|////111//|
8|11111////|
9|..**1////|
-|---------|
Set/unset mine marks or claim a cell as free: > 
> 8 3 free
 |123456789|
-|---------|
1|/////////|
2|//////111|
3|//////1X*|
4|//////111|
5|////111//|
6|////1X1//|
7|////111//|
8|11111////|
9|X.*X1////|
-|---------|
You stepped on a mine and failed!
?[1;31m
Start test 64?[0m
How many mines do you want on the field? > 
> 4
 |123456789|
-|---------|
1|.........|
2|.........|
3|.........|
4|.........|
5|.........|
6|.........|
7|.........|
8|.........|
9|.........|
-|---------|
Set/unset mine marks or claim a cell as free: > 
> 6 9 free
 |123456789|
-|---------|
1|/////////|
2|111//////|
3|..1//////|
4|111//////|
5|/////////|
6|/1221////|
7|/1..1////|
8|/1221//11|
9|///////1.|
-|---------|
Set/unset mine marks or claim a cell as free: > 
> 4 7 free
 |123456789|
-|---------|
1|/////////|
2|111//////|
3|.X1//////|
4|111//////|
5|/////////|
6|/1221////|
7|/1XX1////|
8|/1221//11|
9|///////1X|
-|---------|
You stepped on a mine and failed!
?[1;31m
Start test 65?[0m
How many mines do you want on the field? > 
> 4
 |123456789|
-|---------|
1|.........|
2|.........|
3|.........|
4|.........|
5|.........|
6|.........|
7|.........|
8|.........|
9|.........|
-|---------|
Set/unset mine marks or claim a cell as free: > 
> 6 4 mine
 |123456789|
-|---------|
1|.........|
2|.........|
3|.........|
4|.....*...|
5|.........|
6|.........|
7|.........|
8|.........|
9|.........|
-|---------|
Set/unset mine marks or claim a cell as free: > 
> 1 3 free
 |123456789|
-|---------|
1|/////////|
2|/////////|
3|///111///|
4|///1.1///|
5|///111///|
6|/////////|
7|11///////|
8|.31//////|
9|..1//////|
-|---------|
Set/unset mine marks or claim a cell as free: > 
> 1 8 mine
 |123456789|
-|---------|
1|/////////|
2|/////////|
3|///111///|
4|///1.1///|
5|///111///|
6|/////////|
7|11///////|
8|*31//////|
9|..1//////|
-|---------|
Set/unset mine marks or claim a cell as free: > 
> 2 9 free
 |123456789|
-|---------|
1|/////////|
2|/////////|
3|///111///|
4|///1X1///|
5|///111///|
6|/////////|
7|11///////|
8|X31//////|
9|XX1//////|
-|---------|
You stepped on a mine and failed!
?[1;31m
Start test 66?[0m
How many mines do you want on the field? > 
> 4
 |123456789|
-|---------|
1|.........|
2|.........|
3|.........|
4|.........|
5|.........|
6|.........|
7|.........|
8|.........|
9|.........|
-|---------|
Set/unset mine marks or claim a cell as free: > 
> 4 3 free
 |123456789|
-|---------|
1|.1////1..|
2|.21///1..|
3|..1///111|
4|111//////|
5|/////////|
6|////111//|
7|////1.1//|
8|////111//|
9|/////////|
-|---------|
Set/unset mine marks or claim a cell as free: > 
> 2 3 free
 |123456789|
-|---------|
1|X1////1..|
2|.21///1X.|
3|.X1///111|
4|111//////|
5|/////////|
6|////111//|
7|////1X1//|
8|////111//|
9|/////////|
-|---------|
You stepped on a mine and failed!
?[1;31m
Start test 67?[0m
How many mines do you want on the field? > 
> 4
 |123456789|
-|---------|
1|.........|
2|.........|
3|.........|
4|.........|
5|.........|
6|.........|
7|.........|
8|.........|
9|.........|
-|---------|
Set/unset mine marks or claim a cell as free: > 
> 7 4 mine
 |123456789|
-|---------|
1|.........|
2|.........|
3|.........|
4|......*..|
5|.........|
6|.........|
7|.........|
8|.........|
9|.........|
-|---------|
Set/unset mine marks or claim a cell as free: > 
> 8 4 mine
 |123456789|
-|---------|
1|.........|
2|.........|
3|.........|
4|......**.|
5|.........|
6|.........|
7|.........|
8|.........|
9|.........|
-|---------|
Set/unset mine marks or claim a cell as free: > 
> 1 4 free
 |123456789|
-|---------|
1|.........|
2|.........|
3|.........|
4|1.....**.|
5|.........|
6|.........|
7|.........|
8|.........|
9|.........|
-|---------|
Set/unset mine marks or claim a cell as free: > 
> 5 4 free
 |123456789|
-|---------|
1|.........|
2|.........|
3|.........|
4|1...1.**.|
5|.........|
6|.........|
7|.........|
8|.........|
9|.........|
-|---------|
Set/unset mine marks or claim a cell as free: > 
> 1 9 free
 |123456789|
-|---------|
1|.........|
2|.........|
3|..111....|
4|1.1/1.**.|
5|111/1....|
6|////1111.|
7|///////11|
8|/////////|
9|/////////|
-|---------|
Set/unset mine marks or claim a cell as free: > 
> 2 4 free
 |123456789|
-|---------|
1|.........|
2|....X....|
3|..111....|
4|1X1/1.**.|
5|111/1X...|
6|////1111X|
7|///////11|
8|/////////|
9|/////////|
-|---------|
You stepped on a mine and failed!
?[1;31m
Start test 68?[0m
How many mines do you want on the field? > 
> 4
 |123456789|
-|---------|
1|.........|
2|.........|
3|.........|
4|.........|
5|.........|
6|.........|
7|.........|
8|.........|
9|.........|
-|---------|
Set/unset mine marks or claim a cell as free: > 
> 2 8 free
 |123456789|
-|---------|
1|/////////|
2|///////11|
3|///////1.|
4|///111/11|
5|/112.1///|
6|/1...1///|
7|/111111//|
8|////1.1//|
9|////1.1//|
-|---------|
Set/unset mine marks or claim a cell as free: > 
> 5 6 mine
 |123456789|
-|---------|
1|/////////|
2|///////11|
3|///////1.|
4|///111/11|
5|/112.1///|
6|/1..*1///|
7|/111111//|
8|////1.1//|
9|////1.1//|
-|---------|
Set/unset mine marks or claim a cell as free: > 
> 5 5 free
 |123456789|
-|---------|
1|/////////|
2|///////11|
3|///////1X|
4|///111/11|
5|/112X1///|
6|/1X.*1///|
7|/111111//|
8|////1X1//|
9|////1.1//|
-|---------|
You stepped on a mine and failed!
?[1;31m
Start test 69?[0m
How many mines do you want on the field? > 
> 4
 |123456789|
-|---------|
1|.........|
2|.........|
3|.........|
4|.........|
5|.........|
6|.........|
7|.........|
8|.........|
9|.........|
-|---------|
Set/unset mine marks or claim a cell as free: > 
> 1 9 mine
 |123456789|
-|---------|
1|.........|
2|.........|
3|.........|
4|.........|
5|.........|
6|.........|
7|.........|
8|.........|
9|*........|
-|---------|
Set/unset mine marks or claim a cell as free: > 
> 2 1 free
 |123456789|
-|---------|
1|.1.......|
2|.........|
3|.........|
4|.........|
5|.........|
6|.........|
7|.........|
8|.........|
9|*........|
-|---------|
Set/unset mine marks or claim a cell as free: > 
> 1 2 mine
 |123456789|
-|---------|
1|.1.......|
2|*........|
3|.........|
4|.........|
5|.........|
6|.........|
7|.........|
8|.........|
9|*........|
-|---------|
Set/unset mine marks or claim a cell as free: > 
> 5 1 mine
 |123456789|
-|---------|
1|.1..*....|
2|*........|
3|.........|
4|.........|
5|.........|
6|.........|
7|.........|
8|.........|
9|*........|
-|---------|
Set/unset mine marks or claim a cell as free: > 
> 1 2 mine
 |123456789|
-|---------|
1|.1..*....|
2|.........|
3|.........|
4|.........|
5|.........|
6|.........|
7|.........|
8|.........|
9|*........|
-|---------|
Set/unset mine marks or claim a cell as free: > 
> 9 1 free
 |123456789|
-|---------|
1|.1..*...1|
2|.........|
3|.........|
4|.........|
5|.........|
6|.........|
7|.........|
8|.........|
9|*........|
-|---------|
Set/unset mine marks or claim a cell as free: > 
> 9 9 mine
 |123456789|
-|---------|
1|.1..*...1|
2|.........|
3|.........|
4|.........|
5|.........|
6|.........|
7|.........|
8|.........|
9|*.......*|
-|---------|
Set/unset mine marks or claim a cell as free: > 
> 1 8 mine
 |123456789|
-|---------|
1|.1..*...1|
2|.........|
3|.........|
4|.........|
5|.........|
6|.........|
7|.........|
8|*........|
9|*.......*|
-|---------|
Set/unset mine marks or claim a cell as free: > 
> 8 8 free
 |123456789|
-|---------|
1|.1..*...1|
2|.........|
3|.........|
4|.........|
5|.........|
6|.........|
7|.........|
8|*......1.|
9|*.......*|
-|---------|
Set/unset mine marks or claim a cell as free: > 
> 6 3 free
 |123456789|
-|---------|
1|.1/////11|
2|.1/////1.|
3|11/////11|
4|/111/////|
5|/1.1/////|
6|/111/////|
7|/////111/|
8|/////1.1/|
9|/////1.1/|
-|---------|
Set/unset mine marks or claim a cell as free: > 
> 3 5 free
 |123456789|
-|---------|
1|.1/////11|
2|X1/////1X|
3|11/////11|
4|/111/////|
5|/1X1/////|
6|/111/////|
7|/////111/|
8|/////1X1/|
9|/////1.1/|
-|---------|
You stepped on a mine and failed!
?[1;31m
Start test 70?[0m
How many mines do you want on the field? > 
> 4
 |123456789|
-|---------|
1|.........|
2|.........|
3|.........|
4|.........|
5|.........|
6|.........|
7|.........|
8|.........|
9|.........|
-|---------|
Set/unset mine marks or claim a cell as free: > 
> 7 1 free
 |123456789|
-|---------|
1|.....1///|
2|.211.1/11|
3|11/111/1.|
4|///////11|
5|/////////|
6|/////////|
7|/////////|
8|/////////|
9|/////////|
-|---------|
Set/unset mine marks or claim a cell as free: > 
> 4 1 free
 |123456789|
-|---------|
1|...1.1///|
2|.211.1/11|
3|11/111/1.|
4|///////11|
5|/////////|
6|/////////|
7|/////////|
8|/////////|
9|/////////|
-|---------|
Set/unset mine marks or claim a cell as free: > 
> 3 1 free
 |123456789|
-|---------|
1|..11.1///|
2|.211.1/11|
3|11/111/1.|
4|///////11|
5|/////////|
6|/////////|
7|/////////|
8|/////////|
9|/////////|
-|---------|
Set/unset mine marks or claim a cell as free: > 
> 5 2 free
 |123456789|
-|---------|
1|.X11.1///|
2|X211X1/11|
3|11/111/1X|
4|///////11|
5|/////////|
6|/////////|
7|/////////|
8|/////////|
9|/////////|
-|---------|
You stepped on a mine and failed!
?[1;31m
Start test 71?[0m
How many mines do you want on the field? > 
> 4
 |123456789|
-|---------|
1|.........|
2|.........|
3|.........|
4|.........|
5|.........|
6|.........|
7|.........|
8|.........|
9|.........|
-|---------|
Set/unset mine marks or claim a cell as free: > 
> 6 1 free
 |123456789|
-|---------|
1|/1.1//1..|
2|/111/12..|
3|/////1.21|
4|/////111/|
5|/////////|
6|/////////|
7|/////////|
8|111//////|
9|..1//////|
-|---------|
Set/unset mine marks or claim a cell as free: > 
> 9 2 free
 |123456789|
-|---------|
1|/1.1//1..|
2|/111/12.1|
3|/////1.21|
4|/////111/|
5|/////////|
6|/////////|
7|/////////|
8|111//////|
9|..1//////|
-|---------|
Set/unset mine marks or claim a cell as free: > 
> 8 1 free
 |123456789|
-|---------|
1|/1.1//11.|
2|/111/12.1|
3|/////1.21|
4|/////111/|
5|/////////|
6|/////////|
7|/////////|
8|111//////|
9|..1//////|
-|---------|
Set/unset mine marks or claim a cell as free: > 
> 3 1 free
 |123456789|
-|---------|
1|/1X1//11.|
2|/111/12X1|
3|/////1X21|
4|/////111/|
5|/////////|
6|/////////|
7|/////////|
8|111//////|
9|.X1//////|
-|---------|
You stepped on a mine and failed!
?[1;31m
Start test 72?[0m
How many mines do you want on the field? > 
> 4
 |123456789|
-|---------|
1|.........|
2|.........|
3|.........|
4|.........|
5|.........|
6|.........|
7|.........|
8|.........|
9|.........|
-|---------|
Set/unset mine marks or claim a cell as free: > 
> 7 3 mine
 |123456789|
-|---------|
1|.........|
2|.........|
3|......*..|
4|.........|
5|.........|
6|.........|
7|.........|
8|.........|
9|.........|
-|---------|
Set/unset mine marks or claim a cell as free: > 
> 9 3 mine
 |123456789|
-|---------|
1|.........|
2|.........|
3|......*.*|
4|.........|
5|.........|
6|.........|
7|.........|
8|.........|
9|.........|
-|---------|
Set/unset mine marks or claim a cell as free: > 
> 9 3 mine
 |123456789|
-|---------|
1|.........|
2|.........|
3|......*..|
4|.........|
5|.........|
6|.........|
7|.........|
8|.........|
9|.........|
-|---------|
Set/unset mine marks or claim a cell as free: > 
> 5 2 mine
 |123456789|
-|---------|
1|.........|
2|....*....|
3|......*..|
4|.........|
5|.........|
6|.........|
7|.........|
8|.........|
9|.........|
-|---------|
Set/unset mine marks or claim a cell as free: > 
> 5 4 free
 |123456789|
-|---------|
1|.........|
2|....*....|
3|......*..|
4|....2....|
5|.........|
6|.........|
7|.........|
8|.........|
9|.........|
-|---------|
Set/unset mine marks or claim a cell as free: > 
> 2 8 free
 |123456789|
-|---------|
1|////1....|
2|////1.111|
3|////2.2//|
4|///12.1//|
5|///1.21//|
6|///111///|
7|/////////|
8|/////////|
9|/////////|
-|---------|
Set/unset mine marks or claim a cell as free: > 
> 6 3 free
 |123456789|
-|---------|
1|////1....|
2|////1.111|
3|////222//|
4|///12.1//|
5|///1.21//|
6|///111///|
7|/////////|
8|/////////|
9|/////////|
-|---------|
Set/unset mine marks or claim a cell as free: > 
> 5 5 mine
 |123456789|
-|---------|
1|////1....|
2|////1.111|
3|////222//|
4|///12.1//|
5|///1*21//|
6|///111///|
7|/////////|
8|/////////|
9|/////////|
-|---------|
Set/unset mine marks or claim a cell as free: > 
> 6 4 mine
 |123456789|
-|---------|
1|////1....|
2|////1.111|
3|////222//|
4|///12*1//|
5|///1*21//|
6|///111///|
7|/////////|
8|/////////|
9|/////////|
-|---------|
Set/unset mine marks or claim a cell as free: > 
> 7 1 free
 |123456789|
-|---------|
1|////1.1..|
2|////1.111|
3|////222//|
4|///12*1//|
5|///1*21//|
6|///111///|
7|/////////|
8|/////////|
9|/////////|
-|---------|
Set/unset mine marks or claim a cell as free: > 
> 5 5 mine
 |123456789|
-|---------|
1|////1.1..|
2|////1.111|
3|////222//|
4|///12*1//|
5|///1.21//|
6|///111///|
7|/////////|
8|/////////|
9|/////////|
-|---------|
Set/unset mine marks or claim a cell as free: > 
> 9 1 free
 |123456789|
-|---------|
1|////1.1.X|
2|////1X111|
3|////222//|
4|///12X1//|
5|///1X21//|
6|///111///|
7|/////////|
8|/////////|
9|/////////|
-|---------|
You stepped on a mine and failed!
?[1;31m
Start test 73?[0m
How many mines do you want on the field? > 
> 4
 |123456789|
-|---------|
1|.........|
2|.........|
3|.........|
4|.........|
5|.........|
6|.........|
7|.........|
8|.........|
9|.........|
-|---------|
Set/unset mine marks or claim a cell as free: > 
> 6 7 free
 |123456789|
-|---------|
1|.1/////1.|
2|11/////1.|
3|///////11|
4|/////////|
5|/////////|
6|/////////|
7|111//////|
8|..1111///|
9|.....1///|
-|---------|
Set/unset mine marks or claim a cell as free: > 
> 2 8 free
 |123456789|
-|---------|
1|X1/////1.|
2|11/////1X|
3|///////11|
4|/////////|
5|/////////|
6|/////////|
7|111//////|
8|.X1111///|
9|....X1///|
-|---------|
You stepped on a mine and failed!
?[1;31m
Start test 74?[0m
How many mines do you want on the field? > 
> 4
 |123456789|
-|---------|
1|.........|
2|.........|
3|.........|
4|.........|
5|.........|
6|.........|
7|.........|
8|.........|
9|.........|
-|---------|
Set/unset mine marks or claim a cell as free: > 
> 8 8 mine
 |123456789|
-|---------|
1|.........|
2|.........|
3|.........|
4|.........|
5|.........|
6|.........|
7|.........|
8|.......*.|
9|.........|
-|---------|
Set/unset mine marks or claim a cell as free: > 
> 9 5 mine
 |123456789|
-|---------|
1|.........|
2|.........|
3|.........|
4|.........|
5|........*|
6|.........|
7|.........|
8|.......*.|
9|.........|
-|---------|
Set/unset mine marks or claim a cell as free: > 
> 8 8 mine
 |123456789|
-|---------|
1|.........|
2|.........|
3|.........|
4|.........|
5|........*|
6|.........|
7|.........|
8|.........|
9|.........|
-|---------|
Set/unset mine marks or claim a cell as free: > 
> 9 5 mine
 |123456789|
-|---------|
1|.........|
2|.........|
3|.........|
4|.........|
5|.........|
6|.........|
7|.........|
8|.........|
9|.........|
-|---------|
Set/unset mine marks or claim a cell as free: > 
> 7 9 free
 |123456789|
-|---------|
1|//1......|
2|//123....|
3|////112..|
4|//////111|
5|/////////|
6|/////////|
7|/////////|
8|/////////|
9|/////////|
-|---------|
Set/unset mine marks or claim a cell as free: > 
> 9 2 free
 |123456789|
-|---------|
1|//1......|
2|//123...1|
3|////112..|
4|//////111|
5|/////////|
6|/////////|
7|/////////|
8|/////////|
9|/////////|
-|---------|
Set/unset mine marks or claim a cell as free: > 
> 8 3 free
 |123456789|
-|---------|
1|//1XX....|
2|//123X..1|
3|////112X.|
4|//////111|
5|/////////|
6|/////////|
7|/////////|
8|/////////|
9|/////////|
-|---------|
You stepped on a mine and failed!
?[1;31m
Start test 75?[0m
How many mines do you want on the field? > 
> 4
 |123456789|
-|---------|
1|.........|
2|.........|
3|.........|
4|.........|
5|.........|
6|.........|
7|.........|
8|.........|
9|.........|
-|---------|
Set/unset mine marks or claim a cell as free: > 
> 1 7 free
 |123456789|
-|---------|
1|/////////|
2|/111/////|
3|/1.21////|
4|/12.1////|
5|//111////|
6|/////////|
7|///////11|
8|///111/1.|
9|///1.1/1.|
-|---------|
Set/unset mine marks or claim a cell as free: > 
> 4 4 mine
 |123456789|
-|---------|
1|/////////|
2|/111/////|
3|/1.21////|
4|/12*1////|
5|//111////|
6|/////////|
7|///////11|
8|///111/1.|
9|///1.1/1.|
-|---------|
Set/unset mine marks or claim a cell as free: > 
> 5 9 mine
 |123456789|
-|---------|
1|/////////|
2|/111/////|
3|/1.21////|
4|/12*1////|
5|//111////|
6|/////////|
7|///////11|
8|///111/1.|
9|///1*1/1.|
-|---------|
Set/unset mine marks or claim a cell as free: > 
> 3 3 free
 |123456789|
-|---------|
1|/////////|
2|/111/////|
3|/1X21////|
4|/12X1////|
5|//111////|
6|/////////|
7|///////11|
8|///111/1X|
9|///1X1/1.|
-|---------|
You stepped on a mine and failed!
?[1;31m
Start test 76?[0m
How many mines do you want on the field? > 
> 4
 |123456789|
-|---------|
1|.........|
2|.........|
3|.........|
4|.........|
5|.........|
6|.........|
7|.........|
8|.........|
9|.........|
-|---------|
Set/unset mine marks or claim a cell as free: > 
> 6 6 mine
 |123456789|
-|---------|
1|.........|
2|.........|
3|.........|
4|.........|
5|.........|
6|.....*...|
7|.........|
8|.........|
9|.........|
-|---------|
Set/unset mine marks or claim a cell as free: > 
> 9 9 mine
 |123456789|
-|---------|
1|.........|
2|.........|
3|.........|
4|.........|
5|.........|
6|.....*...|
7|.........|
8|.........|
9|........*|
-|---------|
Set/unset mine marks or claim a cell as free: > 
> 1 9 free
 |123456789|
-|---------|
1|///////1.|
2|///111/1.|
3|///1.1/11|
4|///1221//|
5|////1.1//|
6|////111//|
7|/////111/|
8|/////1.1/|
9|/////1.1/|
-|---------|
Set/unset mine marks or claim a cell as free: > 
> 9 1 mine
 |123456789|
-|---------|
1|///////1*|
2|///111/1.|
3|///1.1/11|
4|///1221//|
5|////1.1//|
6|////111//|
7|/////111/|
8|/////1.1/|
9|/////1.1/|
-|---------|
Set/unset mine marks or claim a cell as free: > 
> 6 5 free
 |123456789|
-|---------|
1|///////1*|
2|///111/1X|
3|///1X1/11|
4|///1221//|
5|////1X1//|
6|////111//|
7|/////111/|
8|/////1X1/|
9|/////1.1/|
-|---------|
You stepped on a mine and failed!
?[1;31m
Start test 77?[0m
How many mines do you want on the field? > 
> 4
 |123456789|
-|---------|
1|.........|
2|.........|
3|.........|
4|.........|
5|.........|
6|.........|
7|.........|
8|.........|
9|.........|
-|---------|
Set/unset mine marks or claim a cell as free: > 
> 9 9 mine
 |123456789|
-|---------|
1|.........|
2|.........|
3|.........|
4|.........|
5|.........|
6|.........|
7|.........|
8|.........|
9|........*|
-|---------|
Set/unset mine marks or claim a cell as free: > 
> 4 2 mine
 |123456789|
-|---------|
1|.........|
2|...*.....|
3|.........|
4|.........|
5|.........|
6|.........|
7|.........|
8|.........|
9|........*|
-|---------|
Set/unset mine marks or claim a cell as free: > 
> 4 2 mine
 |123456789|
-|---------|
1|.........|
2|.........|
3|.........|
4|.........|
5|.........|
6|.........|
7|.........|
8|.........|
9|........*|
-|---------|
Set/unset mine marks or claim a cell as free: > 
> 3 9 free
 |123456789|
-|---------|
1|///1...1/|
2|///1.211/|
3|///111///|
4|//////111|
5|//////1..|
6|///111111|
7|///1.1///|
8|///111///|
9|/////////|
-|---------|
Set/unset mine marks or claim a cell as free: > 
> 8 5 free
 |123456789|
-|---------|
1|///1..X1/|
2|///1X211/|
3|///111///|
4|//////111|
5|//////1X.|
6|///111111|
7|///1X1///|
8|///111///|
9|/////////|
-|---------|
You stepped on a mine and failed!
?[1;31m
Start test 78?[0m
How many mines do you want on the field? > 
> 4
 |123456789|
-|---------|
1|.........|
2|.........|
3|.........|
4|.........|
5|.........|
6|.........|
7|.........|
8|.........|
9|.........|
-|---------|
Set/unset mine marks or claim a cell as free: > 
> 9 9 free
 |123456789|
-|---------|
1|///1...1/|
2|///112.1/|
3|/////2.2/|
4|/111/1.1/|
5|/1.1/111/|
6|/111/////|
7|/////////|
8|/////////|
9|/////////|
-|---------|
Set/unset mine marks or claim a cell as free: > 
> 3 5 mine
 |123456789|
-|---------|
1|///1...1/|
2|///112.1/|
3|/////2.2/|
4|/111/1.1/|
5|/1*1/111/|
6|/111/////|
7|/////////|
8|/////////|
9|/////////|
-|---------|
Set/unset mine marks or claim a cell as free: > 
> 7 4 free
 |123456789|
-|---------|
1|///1X..1/|
2|///112X1/|
3|/////2.2/|
4|/111/1X1/|
5|/1X1/111/|
6|/111/////|
7|/////////|
8|/////////|
9|/////////|
-|---------|
You stepped on a mine and failed!
?[1;31m
Start test 79?[0m
How many mines do you want on the field? > 
> 4
 |123456789|
-|---------|
1|.........|
2|.........|
3|.........|
4|.........|
5|.........|
6|.........|
7|.........|
8|.........|
9|.........|
-|---------|
Set/unset mine marks or claim a cell as free: > 
> 3 5 free
 |123456789|
-|---------|
1|.1///////|
2|11///////|
3|/////////|
4|//////111|
5|//////1..|
6|11////111|
7|.1///////|
8|.21//////|
9|..1//////|
-|---------|
Set/unset mine marks or claim a cell as free: > 
> 1 7 free
 |123456789|
-|---------|
1|X1///////|
2|11///////|
3|/////////|
4|//////111|
5|//////1X.|
6|11////111|
7|X1///////|
8|.21//////|
9|.X1//////|
-|---------|
You stepped on a mine and failed!
?[1;31m
Start test 80?[0m
How many mines do you want on the field? > 
> 4
 |123456789|
-|---------|
1|.........|
2|.........|
3|.........|
4|.........|
5|.........|
6|.........|
7|.........|
8|.........|
9|.........|
-|---------|
Set/unset mine marks or claim a cell as free: > 
> 5 3 free
 |123456789|
-|---------|
1|.........|
2|.........|
3|....1....|
4|.........|
5|.........|
6|.........|
7|.........|
8|.........|
9|.........|
-|---------|
Set/unset mine marks or claim a cell as free: > 
> 2 7 mine
 |123456789|
-|---------|
1|.........|
2|.........|
3|....1....|
4|.........|
5|.........|
6|.........|
7|.*.......|
8|.........|
9|.........|
-|---------|
Set/unset mine marks or claim a cell as free: > 
> 9 9 mine
 |123456789|
-|---------|
1|.........|
2|.........|
3|....1....|
4|.........|
5|.........|
6|.........|
7|.*.......|
8|.........|
9|........*|
-|---------|
Set/unset mine marks or claim a cell as free: > 
> 2 6 free
 |123456789|
-|---------|
1|...1/////|
2|...1111//|
3|..211.1//|
4|111/1221/|
5|/////1.1/|
6|/////111/|
7|/////////|
8|/////////|
9|/////////|
-|---------|
Set/unset mine marks or claim a cell as free: > 
> 1 1 free
 |123456789|
-|---------|
1|/1.1/////|
2|12.1111//|
3|..211.1//|
4|111/1221/|
5|/////1.1/|
6|/////111/|
7|/////////|
8|/////////|
9|/////////|
-|---------|
Set/unset mine marks or claim a cell as free: > 
> 3 2 mine
 |123456789|
-|---------|
1|/1.1/////|
2|12*1111//|
3|..211.1//|
4|111/1221/|
5|/////1.1/|
6|/////111/|
7|/////////|
8|/////////|
9|/////////|
-|---------|
Set/unset mine marks or claim a cell as free: > 
> 3 1 mine
 |123456789|
-|---------|
1|/1*1/////|
2|12*1111//|
3|..211.1//|
4|111/1221/|
5|/////1.1/|
6|/////111/|
7|/////////|
8|/////////|
9|/////////|
-|---------|
Set/unset mine marks or claim a cell as free: > 
> 2 3 free
 |123456789|
-|---------|
1|/1*1/////|
2|12X1111//|
3|.X211X1//|
4|111/1221/|
5|/////1X1/|
6|/////111/|
7|/////////|
8|/////////|
9|/////////|
-|---------|
You stepped on a mine and failed!
?[1;31m
Start test 81?[0m
How many mines do you want on the field? > 
> 5
 |123456789|
-|---------|
1|.........|
2|.........|
3|.........|
4|.........|
5|.........|
6|.........|
7|.........|
8|.........|
9|.........|
-|---------|
Set/unset mine marks or claim a cell as free: > 
> 8 9 free
 |123456789|
-|---------|
1|.........|
2|.........|
3|.........|
4|.........|
5|.........|
6|.........|
7|.........|
8|.........|
9|.......1.|
-|---------|
Set/unset mine marks or claim a cell as free: > 
> 8 3 free
 |123456789|
-|---------|
1|.........|
2|.........|
3|.......1.|
4|.........|
5|.........|
6|.........|
7|.........|
8|.........|
9|.......1.|
-|---------|
Set/unset mine marks or claim a cell as free: > 
> 6 4 free
 |123456789|
-|---------|
1|..1//////|
2|111////11|
3|///////1.|
4|///////11|
5|/////////|
6|/111//111|
7|/1.1/12..|
8|/111/1...|
9|/////1.1.|
-|---------|
Set/unset mine marks or claim a cell as free: > 
> 7 8 free
 |123456789|
-|---------|
1|.X1//////|
2|111////11|
3|///////1X|
4|///////11|
5|/////////|
6|/111//111|
7|/1X1/12X.|
8|/111/1X..|
9|/////1.1.|
-|---------|
You stepped on a mine and failed!
?[1;31m
Start test 82?[0m
How many mines do you want on the field? > 
> 5
 |123456789|
-|---------|
1|.........|
2|.........|
3|.........|
4|.........|
5|.........|
6|.........|
7|.........|
8|.........|
9|.........|
-|---------|
Set/unset mine marks or claim a cell as free: > 
> 7 7 free
 |123456789|
-|---------|
1|.........|
2|.........|
3|.........|
4|.........|
5|.........|
6|.........|
7|......1..|
8|.........|
9|.........|
-|---------|
Set/unset mine marks or claim a cell as free: > 
> 7 2 mine
 |123456789|
-|---------|
1|.........|
2|......*..|
3|.........|
4|.........|
5|.........|
6|.........|
7|......1..|
8|.........|
9|.........|
-|---------|
Set/unset mine marks or claim a cell as free: > 
> 7 2 mine
 |123456789|
-|---------|
1|.........|
2|.........|
3|.........|
4|.........|
5|.........|
6|.........|
7|......1..|
8|.........|
9|.........|
-|---------|
Set/unset mine marks or claim a cell as free: > 
> 6 8 free
 |123456789|
-|---------|
1|.1///1.1/|
2|.2///1.1/|
3|.1///111/|
4|.21//////|
5|..1///111|
6|111///1..|
7|//////111|
8|/////////|
9|/////////|
-|---------|
Set/unset mine marks or claim a cell as free: > 
> 1 1 free
 |123456789|
-|---------|
1|X1///1.1/|
2|.2///1X1/|
3|X1///111/|
4|.21//////|
5|.X1///111|
6|111///1X.|
7|//////111|
8|/////////|
9|/////////|
-|---------|
You stepped on a mine and failed!
?[1;31m
Start test 83?[0m
How many mines do you want on the field? > 
> 6
 |123456789|
-|---------|
1|.........|
2|.........|
3|.........|
4|.........|
5|.........|
6|.........|
7|.........|
8|.........|
9|.........|
-|---------|
Set/unset mine marks or claim a cell as free: > 
> 2 5 free
 |123456789|
-|---------|
1|///////1.|
2|//111//1.|
3|//1.1//11|
4|//111////|
5|///////11|
6|///////1.|
7|//111//11|
8|/12.211//|
9|/1....1//|
-|---------|
Set/unset mine marks or claim a cell as free: > 
> 4 3 free
 |123456789|
-|---------|
1|///////1.|
2|//111//1X|
3|//1X1//11|
4|//111////|
5|///////11|
6|///////1X|
7|//111//11|
8|/12X211//|
9|/1X..X1//|
-|---------|
You stepped on a mine and failed!
?[1;31m
Start test 84?[0m
How many mines do you want on the field? > 
> 6
 |123456789|
-|---------|
1|.........|
2|.........|
3|.........|
4|.........|
5|.........|
6|.........|
7|.........|
8|.........|
9|.........|
-|---------|
Set/unset mine marks or claim a cell as free: > 
> 3 3 free
 |123456789|
-|---------|
1|///////1.|
2|///111/2.|
3|///1.1/2.|
4|///111/2.|
5|///////11|
6|/////////|
7|111//////|
8|..21/////|
9|...1/////|
-|---------|
Set/unset mine marks or claim a cell as free: > 
> 2 8 free
 |123456789|
-|---------|
1|///////1X|
2|///111/2.|
3|///1X1/2X|
4|///111/2X|
5|///////11|
6|/////////|
7|111//////|
8|.X21/////|
9|..X1/////|
-|---------|
You stepped on a mine and failed!
?[1;31m
Start test 85?[0m
How many mines do you want on the field? > 
> 7
 |123456789|
-|---------|
1|.........|
2|.........|
3|.........|
4|.........|
5|.........|
6|.........|
7|.........|
8|.........|
9|.........|
-|---------|
Set/unset mine marks or claim a cell as free: > 
> 9 6 free
 |123456789|
-|---------|
1|.........|
2|.........|
3|.........|
4|.........|
5|.........|
6|........1|
7|.........|
8|.........|
9|.........|
-|---------|
Set/unset mine marks or claim a cell as free: > 
> 2 4 mine
 |123456789|
-|---------|
1|.........|
2|.........|
3|.........|
4|.*.......|
5|.........|
6|........1|
7|.........|
8|.........|
9|.........|
-|---------|
Set/unset mine marks or claim a cell as free: > 
> 5 9 free
 |123456789|
-|---------|
1|.........|
2|.........|
3|.........|
4|.*.......|
5|1111.....|
6|///123..1|
7|/////12..|
8|//////12.|
9|///////1.|
-|---------|
Set/unset mine marks or claim a cell as free: > 
> 9 7 mine
 |123456789|
-|---------|
1|.........|
2|.........|
3|.........|
4|.*.......|
5|1111.....|
6|///123..1|
7|/////12.*|
8|//////12.|
9|///////1.|
-|---------|
Set/unset mine marks or claim a cell as free: > 
> 8 4 free
 |123456789|
-|---------|
1|....1////|
2|....1////|
3|....1////|
4|.*..221//|
5|1111..21/|
6|///123.21|
7|/////12.*|
8|//////12.|
9|///////1.|
-|---------|
Set/unset mine marks or claim a cell as free: > 
> 5 5 free
 |123456789|
-|---------|
1|....1////|
2|...X1////|
3|....1////|
4|.X..221//|
5|1111XX21/|
6|///123X21|
7|/////12X*|
8|//////12.|
9|///////1X|
-|---------|
You stepped on a mine and failed!
?[1;31m
Start test 86?[0m
How many mines do you want on the field? > 
> 7
 |123456789|
-|---------|
1|.........|
2|.........|
3|.........|
4|.........|
5|.........|
6|.........|
7|.........|
8|.........|
9|.........|
-|---------|
Set/unset mine marks or claim a cell as free: > 
> 1 9 free
 |123456789|
-|---------|
1|/////////|
2|//////111|
3|//////1..|
4|////112..|
5|/1111....|
6|/1.......|
7|/112.....|
8|///1122..|
9|//////1..|
-|---------|
Set/unset mine marks or claim a cell as free: > 
> 8 9 mine
 |123456789|
-|---------|
1|/////////|
2|//////111|
3|//////1..|
4|////112..|
5|/1111....|
6|/1.......|
7|/112.....|
8|///1122..|
9|//////1*.|
-|---------|
Set/unset mine marks or claim a cell as free: > 
> 8 7 free
 |123456789|
-|---------|
1|/////////|
2|//////111|
3|//////1..|
4|////112..|
5|/1111....|
6|/1.......|
7|/112...3.|
8|///1122..|
9|//////1*.|
-|---------|
Set/unset mine marks or claim a cell as free: > 
> 8 9 mine
 |123456789|
-|---------|
1|/////////|
2|//////111|
3|//////1..|
4|////112..|
5|/1111....|
6|/1.......|
7|/112...3.|
8|///1122..|
9|//////1..|
-|---------|
Set/unset mine marks or claim a cell as free: > 
> 9 5 mine
 |123456789|
-|---------|
1|/////////|
2|//////111|
3|//////1..|
4|////112..|
5|/1111...*|
6|/1.......|
7|/112...3.|
8|///1122..|
9|//////1..|
-|---------|
Set/unset mine marks or claim a cell as free: > 
> 3 6 mine
 |123456789|
-|---------|
1|/////////|
2|//////111|
3|//////1..|
4|////112..|
5|/1111...*|
6|/1*......|
7|/112...3.|
8|///1122..|
9|//////1..|
-|---------|
Set/unset mine marks or claim a cell as free: > 
> 8 5 free
 |123456789|
-|---------|
1|/////////|
2|//////111|
3|//////1..|
4|////112..|
5|/1111..1*|
6|/1*......|
7|/112...3.|
8|///1122..|
9|//////1..|
-|---------|
Set/unset mine marks or claim a cell as free: > 
> 7 5 mine
 |123456789|
-|---------|
1|/////////|
2|//////111|
3|//////1..|
4|////112..|
5|/1111.*1*|
6|/1*......|
7|/112...3.|
8|///1122..|
9|//////1..|
-|---------|
Set/unset mine marks or claim a cell as free: > 
> 9 8 free
 |123456789|
-|---------|
1|/////////|
2|//////111|
3|//////1..|
4|////112..|
5|/1111.*1*|
6|/1*......|
7|/112...3.|
8|///1122.1|
9|//////1..|
-|---------|
Set/unset mine marks or claim a cell as free: > 
> 8 3 mine
 |123456789|
-|---------|
1|/////////|
2|//////111|
3|//////1*.|
4|////112..|
5|/1111.*1*|
6|/1*......|
7|/112...3.|
8|///1122.1|
9|//////1..|
-|---------|
Set/unset mine marks or claim a cell as free: > 
> 6 5 free
 |123456789|
-|---------|
1|/////////|
2|//////111|
3|//////1X.|
4|////112..|
5|/1111X*1*|
6|/1X...X..|
7|/112X.X3.|
8|///1122X1|
9|//////1..|
-|---------|
You stepped on a mine and failed!
?[1;31m
Start test 87?[0m
How many mines do you want on the field? > 
> 8
 |123456789|
-|---------|
1|.........|
2|.........|
3|.........|
4|.........|
5|.........|
6|.........|
7|.........|
8|.........|
9|.........|
-|---------|
Set/unset mine marks or claim a cell as free: > 
> 6 4 free
 |123456789|
-|---------|
1|.........|
2|.........|
3|.........|
4|.....2...|
5|.........|
6|.........|
7|.........|
8|.........|
9|.........|
-|---------|
Set/unset mine marks or claim a cell as free: > 
> 7 7 free
 |123456789|
-|---------|
1|.........|
2|.........|
3|.........|
4|.....2...|
5|.........|
6|.........|
7|......1..|
8|.........|
9|.........|
-|---------|
Set/unset mine marks or claim a cell as free: > 
> 8 6 free
 |123456789|
-|---------|
1|....1////|
2|....1////|
3|....21/11|
4|.....2/1.|
5|.....2/11|
6|.....1///|
7|.....21//|
8|......1//|
9|......1//|
-|---------|
Set/unset mine marks or claim a cell as free: > 
> 4 4 free
 |123456789|
-|---------|
1|....1////|
2|....1////|
3|....21/11|
4|...3.2/1.|
5|.....2/11|
6|.....1///|
7|.....21//|
8|......1//|
9|......1//|
-|---------|
Set/unset mine marks or claim a cell as free: > 
> 4 2 mine
 |123456789|
-|---------|
1|....1////|
2|...*1////|
3|....21/11|
4|...3.2/1.|
5|.....2/11|
6|.....1///|
7|.....21//|
8|......1//|
9|......1//|
-|---------|
Set/unset mine marks or claim a cell as free: > 
> 4 2 mine
 |123456789|
-|---------|
1|....1////|
2|....1////|
3|....21/11|
4|...3.2/1.|
5|.....2/11|
6|.....1///|
7|.....21//|
8|......1//|
9|......1//|
-|---------|
Set/unset mine marks or claim a cell as free: > 
> 4 8 free
 |123456789|
-|---------|
1|....1////|
2|....1////|
3|....21/11|
4|...3.2/1.|
5|.....2/11|
6|.....1///|
7|.....21//|
8|...1..1//|
9|......1//|
-|---------|
Set/unset mine marks or claim a cell as free: > 
> 3 7 free
 |123456789|
-|---------|
1|//1.1////|
2|/12.1////|
3|/1..21/11|
4|/113.2/1.|
5|///2.2/11|
6|///1.1///|
7|11/1.21//|
8|.1/1..1//|
9|.1/1..1//|
-|---------|
Set/unset mine marks or claim a cell as free: > 
> 5 7 free
 |123456789|
-|---------|
1|//1.1////|
2|/12.1////|
3|/1..21/11|
4|/113.2/1.|
5|///2.2/11|
6|///1.1///|
7|11/1221//|
8|.1/1..1//|
9|.1/1..1//|
-|---------|
Set/unset mine marks or claim a cell as free: > 
> 1 8 mine
 |123456789|
-|---------|
1|//1.1////|
2|/12.1////|
3|/1..21/11|
4|/113.2/1.|
5|///2.2/11|
6|///1.1///|
7|11/1221//|
8|*1/1..1//|
9|.1/1..1//|
-|---------|
Set/unset mine marks or claim a cell as free: > 
> 5 8 free
 |123456789|
-|---------|
1|//1.1////|
2|/12X1////|
3|/1X.21/11|
4|/113X2/1X|
5|///2X2/11|
6|///1.1///|
7|11/1221//|
8|X1/1XX1//|
9|.1/1..1//|
-|---------|
You stepped on a mine and failed!
?[1;31m
Start test 88?[0m
How many mines do you want on the field? > 
> 8
 |123456789|
-|---------|
1|.........|
2|.........|
3|.........|
4|.........|
5|.........|
6|.........|
7|.........|
8|.........|
9|.........|
-|---------|
Set/unset mine marks or claim a cell as free: > 
> 2 8 free
 |123456789|
-|---------|
1|.1//1....|
2|11//1233.|
3|///////11|
4|111/111//|
5|..1/1.1//|
6|111/11211|
7|//////1..|
8|//////111|
9|/////////|
-|---------|
Set/unset mine marks or claim a cell as free: > 
> 1 1 free
 |123456789|
-|---------|
1|X1//1XXX.|
2|11//1233X|
3|///////11|
4|111/111//|
5|.X1/1X1//|
6|111/11211|
7|//////1X.|
8|//////111|
9|/////////|
-|---------|
You stepped on a mine and failed!
?[1;31m
Start test 89?[0m
How many mines do you want on the field? > 
> 9
 |123456789|
-|---------|
1|.........|
2|.........|
3|.........|
4|.........|
5|.........|
6|.........|
7|.........|
8|.........|
9|.........|
-|---------|
Set/unset mine marks or claim a cell as free: > 
> 9 4 free
 |123456789|
-|---------|
1|////1....|
2|////11111|
3|//111////|
4|//1.1////|
5|//111/111|
6|/////12..|
7|/////1...|
8|221/12...|
9|..1/1....|
-|---------|
Set/unset mine marks or claim a cell as free: > 
> 7 8 mine
 |123456789|
-|---------|
1|////1....|
2|////11111|
3|//111////|
4|//1.1////|
5|//111/111|
6|/////12..|
7|/////1...|
8|221/12*..|
9|..1/1....|
-|---------|
Set/unset mine marks or claim a cell as free: > 
> 9 9 free
 |123456789|
-|---------|
1|////1....|
2|////11111|
3|//111////|
4|//1.1////|
5|//111/111|
6|/////12..|
7|/////1...|
8|221/12*..|
9|..1/1...1|
-|---------|
Set/unset mine marks or claim a cell as free: > 
> 8 9 mine
 |123456789|
-|---------|
1|////1....|
2|////11111|
3|//111////|
4|//1.1////|
5|//111/111|
6|/////12..|
7|/////1...|
8|221/12*..|
9|..1/1..*1|
-|---------|
Set/unset mine marks or claim a cell as free: > 
> 9 1 mine
 |123456789|
-|---------|
1|////1...*|
2|////11111|
3|//111////|
4|//1.1////|
5|//111/111|
6|/////12..|
7|/////1...|
8|221/12*..|
9|..1/1..*1|
-|---------|
Set/unset mine marks or claim a cell as free: > 
> 8 6 mine
 |123456789|
-|---------|
1|////1...*|
2|////11111|
3|//111////|
4|//1.1////|
5|//111/111|
6|/////12*.|
7|/////1...|
8|221/12*..|
9|..1/1..*1|
-|---------|
Set/unset mine marks or claim a cell as free: > 
> 7 8 mine
 |123456789|
-|---------|
1|////1...*|
2|////11111|
3|//111////|
4|//1.1////|
5|//111/111|
6|/////12*.|
7|/////1...|
8|221/12...|
9|..1/1..*1|
-|---------|
Set/unset mine marks or claim a cell as free: > 
> 6 9 free
 |123456789|
-|---------|
1|////1X..X|
2|////11111|
3|//111////|
4|//1X1////|
5|//111/111|
6|/////12X.|
7|/////1X..|
8|221/12..X|
9|XX1/1X.*1|
-|---------|
You stepped on a mine and failed!
?[1;31m
Start test 90?[0m
How many mines do you want on the field? > 
> 9
 |123456789|
-|---------|
1|.........|
2|.........|
3|.........|
4|.........|
5|.........|
6|.........|
7|.........|
8|.........|
9|.........|
-|---------|
Set/unset mine marks or claim a cell as free: > 
> 1 1 mine
 |123456789|
-|---------|
1|*........|
2|.........|
3|.........|
4|.........|
5|.........|
6|.........|
7|.........|
8|.........|
9|.........|
-|---------|
Set/unset mine marks or claim a cell as free: > 
> 1 1 mine
 |123456789|
-|---------|
1|.........|
2|.........|
3|.........|
4|.........|
5|.........|
6|.........|
7|.........|
8|.........|
9|.........|
-|---------|
Set/unset mine marks or claim a cell as free: > 
> 1 2 free
 |123456789|
-|---------|
1|.........|
2|2........|
3|.........|
4|.........|
5|.........|
6|.........|
7|.........|
8|.........|
9|.........|
-|---------|
Set/unset mine marks or claim a cell as free: > 
> 4 2 free
 |123456789|
-|---------|
1|.........|
2|2..1.....|
3|.........|
4|.........|
5|.........|
6|.........|
7|.........|
8|.........|
9|.........|
-|---------|
Set/unset mine marks or claim a cell as free: > 
> 9 8 free
 |123456789|
-|---------|
1|.......1/|
2|2..1.211/|
3|.....2///|
4|.....1///|
5|.....2///|
6|.....1///|
7|....21///|
8|11211////|
9|/////////|
-|---------|
Set/unset mine marks or claim a cell as free: > 
> 3 4 free
 |123456789|
-|---------|
1|.......1/|
2|2..1.211/|
3|.....2///|
4|..1..1///|
5|.....2///|
6|.....1///|
7|....21///|
8|11211////|
9|/////////|
-|---------|
Set/unset mine marks or claim a cell as free: > 
> 3 5 mine
 |123456789|
-|---------|
1|.......1/|
2|2..1.211/|
3|.....2///|
4|..1..1///|
5|..*..2///|
6|.....1///|
7|....21///|
8|11211////|
9|/////////|
-|---------|
Set/unset mine marks or claim a cell as free: > 
> 4 5 mine
 |123456789|
-|---------|
1|.......1/|
2|2..1.211/|
3|.....2///|
4|..1..1///|
5|..**.2///|
6|.....1///|
7|....21///|
8|11211////|
9|/////////|
-|---------|
Set/unset mine marks or claim a cell as free: > 
> 3 5 mine
 |123456789|
-|---------|
1|.......1/|
2|2..1.211/|
3|.....2///|
4|..1..1///|
5|...*.2///|
6|.....1///|
7|....21///|
8|11211////|
9|/////////|
-|---------|
Set/unset mine marks or claim a cell as free: > 
> 4 1 free
 |123456789|
-|---------|
1|...1...1/|
2|2..1.211/|
3|.....2///|
4|..1..1///|
5|...*.2///|
6|.....1///|
7|....21///|
8|11211////|
9|/////////|
-|---------|
Set/unset mine marks or claim a cell as free: > 
> 4 5 mine
 |123456789|
-|---------|
1|...1...1/|
2|2..1.211/|
3|.....2///|
4|..1..1///|
5|.....2///|
6|.....1///|
7|....21///|
8|11211////|
9|/////////|
-|---------|
Set/unset mine marks or claim a cell as free: > 
> 2 7 free
 |123456789|
-|---------|
1|.X.1..X1/|
2|2..1X211/|
3|X....2///|
4|..1.X1///|
5|...X.2///|
6|....X1///|
7|.X.X21///|
8|11211////|
9|/////////|
-|---------|
You stepped on a mine and failed!
?[1;31m
Start test 91?[0m
How many mines do you want on the field? > 
> 10
 |123456789|
-|---------|
1|.........|
2|.........|
3|.........|
4|.........|
5|.........|
6|.........|
7|.........|
8|.........|
9|.........|
-|---------|
Set/unset mine marks or claim a cell as free: > 
> 6 7 free
 |123456789|
-|---------|
1|.........|
2|.........|
3|.........|
4|.........|
5|.........|
6|.........|
7|.....1...|
8|.........|
9|.........|
-|---------|
Set/unset mine marks or claim a cell as free: > 
> 1 3 free
 |123456789|
-|---------|
1|.........|
2|.........|
3|1........|
4|.........|
5|.........|
6|.........|
7|.....1...|
8|.........|
9|.........|
-|---------|
Set/unset mine marks or claim a cell as free: > 
> 7 1 free
 |123456789|
-|---------|
1|......1..|
2|.........|
3|1........|
4|.........|
5|.........|
6|.........|
7|.....1...|
8|.........|
9|.........|
-|---------|
Set/unset mine marks or claim a cell as free: > 
> 5 1 mine
 |123456789|
-|---------|
1|....*.1..|
2|.........|
3|1........|
4|.........|
5|.........|
6|.........|
7|.....1...|
8|.........|
9|.........|
-|---------|
Set/unset mine marks or claim a cell as free: > 
> 5 1 mine
 |123456789|
-|---------|
1|......1..|
2|.........|
3|1........|
4|.........|
5|.........|
6|.........|
7|.....1...|
8|.........|
9|.........|
-|---------|
Set/unset mine marks or claim a cell as free: > 
> 4 3 mine
 |123456789|
-|---------|
1|......1..|
2|.........|
3|1..*.....|
4|.........|
5|.........|
6|.........|
7|.....1...|
8|.........|
9|.........|
-|---------|
Set/unset mine marks or claim a cell as free: > 
> 3 3 free
 |123456789|
-|---------|
1|......1..|
2|.........|
3|1.1*.....|
4|.........|
5|.........|
6|.........|
7|.....1...|
8|.........|
9|.........|
-|---------|
Set/unset mine marks or claim a cell as free: > 
> 8 6 mine
 |123456789|
-|---------|
1|......1..|
2|.........|
3|1.1*.....|
4|.........|
5|.........|
6|.......*.|
7|.....1...|
8|.........|
9|.........|
-|---------|
Set/unset mine marks or claim a cell as free: > 
> 3 6 mine
 |123456789|
-|---------|
1|......1..|
2|.........|
3|1.1*.....|
4|.........|
5|.........|
6|..*....*.|
7|.....1...|
8|.........|
9|.........|
-|---------|
Set/unset mine marks or claim a cell as free: > 
> 5 8 free
 |123456789|
-|---------|
1|......1..|
2|.........|
3|1.1*.....|
4|.........|
5|.........|
6|..*....*.|
7|.....1...|
8|....1....|
9|.........|
-|---------|
Set/unset mine marks or claim a cell as free: > 
> 8 6 mine
 |123456789|
-|---------|
1|......1..|
2|.........|
3|1.1*.....|
4|.........|
5|.........|
6|..*......|
7|.....1...|
8|....1....|
9|.........|
-|---------|
Set/unset mine marks or claim a cell as free: > 
> 7 5 free
 |123456789|
-|---------|
1|......1//|
2|......2//|
3|1.1*..1//|
4|...1111//|
5|..11///11|
6|..1////1.|
7|..1/1112.|
8|111/1....|
9|////1....|
-|---------|
Set/unset mine marks or claim a cell as free: > 
> 4 3 mine
 |123456789|
-|---------|
1|......1//|
2|......2//|
3|1.1...1//|
4|...1111//|
5|..11///11|
6|..1////1.|
7|..1/1112.|
8|111/1....|
9|////1....|
-|---------|
Set/unset mine marks or claim a cell as free: > 
> 2 4 mine
 |123456789|
-|---------|
1|......1//|
2|......2//|
3|1.1...1//|
4|.*.1111//|
5|..11///11|
6|..1////1.|
7|..1/1112.|
8|111/1....|
9|////1....|
-|---------|
Set/unset mine marks or claim a cell as free: > 
> 2 4 mine
 |123456789|
-|---------|
1|......1//|
2|......2//|
3|1.1...1//|
4|...1111//|
5|..11///11|
6|..1////1.|
7|..1/1112.|
8|111/1....|
9|////1....|
-|---------|
Set/unset mine marks or claim a cell as free: > 
> 3 4 mine
 |123456789|
-|---------|
1|......1//|
2|......2//|
3|1.1...1//|
4|..*1111//|
5|..11///11|
6|..1////1.|
7|..1/1112.|
8|111/1....|
9|////1....|
-|---------|
Set/unset mine marks or claim a cell as free: > 
> 6 2 free
 |123456789|
-|---------|
1|......1//|
2|.....32//|
3|1.1...1//|
4|..*1111//|
5|..11///11|
6|..1////1.|
7|..1/1112.|
8|111/1....|
9|////1....|
-|---------|
Set/unset mine marks or claim a cell as free: > 
> 6 8 mine
 |123456789|
-|---------|
1|......1//|
2|.....32//|
3|1.1...1//|
4|..*1111//|
5|..11///11|
6|..1////1.|
7|..1/1112.|
8|111/1*...|
9|////1....|
-|---------|
Set/unset mine marks or claim a cell as free: > 
> 3 4 mine
 |123456789|
-|---------|
1|......1//|
2|.....32//|
3|1.1...1//|
4|...1111//|
5|..11///11|
6|..1////1.|
7|..1/1112.|
8|111/1*...|
9|////1....|
-|---------|
Set/unset mine marks or claim a cell as free: > 
> 1 7 free
 |123456789|
-|---------|
1|......1//|
2|.....32//|
3|1.1...1//|
4|...1111//|
5|..11///11|
6|..1////1.|
7|1.1/1112.|
8|111/1*...|
9|////1....|
-|---------|
Set/unset mine marks or claim a cell as free: > 
> 6 8 mine
 |123456789|
-|---------|
1|......1//|
2|.....32//|
3|1.1...1//|
4|...1111//|
5|..11///11|
6|..1////1.|
7|1.1/1112.|
8|111/1....|
9|////1....|
-|---------|
Set/unset mine marks or claim a cell as free: > 
> 7 8 free
 |123456789|
-|---------|
1|......1//|
2|.....32//|
3|1.1...1//|
4|...1111//|
5|..11///11|
6|..1////1.|
7|1.1/1112.|
8|111/1.1..|
9|////1....|
-|---------|
Set/unset mine marks or claim a cell as free: > 
> 1 5 free
 |123456789|
-|---------|
1|......1//|
2|.....32//|
3|121...1//|
4|/1.1111//|
5|/111///11|
6|111////1.|
7|1.1/1112.|
8|111/1.1..|
9|////1....|
-|---------|
Set/unset mine marks or claim a cell as free: > 
> 8 9 mine
 |123456789|
-|---------|
1|......1//|
2|.....32//|
3|121...1//|
4|/1.1111//|
5|/111///11|
6|111////1.|
7|1.1/1112.|
8|111/1.1..|
9|////1..*.|
-|---------|
Set/unset mine marks or claim a cell as free: > 
> 6 1 free
 |123456789|
-|---------|
1|...X.X1//|
2|X...X32//|
3|121..X1//|
4|/1X1111//|
5|/111///11|
6|111////1X|
7|1X1/1112.|
8|111/1X1.X|
9|////1..*.|
-|---------|
You stepped on a mine and failed!
?[1;31m
Start test 92?[0m
How many mines do you want on the field? > 
> 10
 |123456789|
-|---------|
1|.........|
2|.........|
3|.........|
4|.........|
5|.........|
6|.........|
7|.........|
8|.........|
9|.........|
-|---------|
Set/unset mine marks or claim a cell as free: > 
> 3 2 mine
 |123456789|
-|---------|
1|.........|
2|..*......|
3|.........|
4|.........|
5|.........|
6|.........|
7|.........|
8|.........|
9|.........|
-|---------|
Set/unset mine marks or claim a cell as free: > 
> 6 5 mine
 |123456789|
-|---------|
1|.........|
2|..*......|
3|.........|
4|.........|
5|.....*...|
6|.........|
7|.........|
8|.........|
9|.........|
-|---------|
Set/unset mine marks or claim a cell as free: > 
> 8 4 free
 |123456789|
-|---------|
1|.........|
2|..*......|
3|.........|
4|.......2.|
5|.....*...|
6|.........|
7|.........|
8|.........|
9|.........|
-|---------|
Set/unset mine marks or claim a cell as free: > 
> 9 6 free
 |123456789|
-|---------|
1|.........|
2|..*......|
3|.........|
4|.......2.|
5|.....*...|
6|........1|
7|.........|
8|.........|
9|.........|
-|---------|
Set/unset mine marks or claim a cell as free: > 
> 3 7 mine
 |123456789|
-|---------|
1|.........|
2|..*......|
3|.........|
4|.......2.|
5|.....*...|
6|........1|
7|..*......|
8|.........|
9|.........|
-|---------|
Set/unset mine marks or claim a cell as free: > 
> 5 5 free
 |123456789|
-|---------|
1|.........|
2|.111.....|
3|.1/112...|
4|.1///122.|
5|.2////1..|
6|.1111/1.1|
7|..*.1/1..|
8|..211/1..|
9|..1///1..|
-|---------|
Set/unset mine marks or claim a cell as free: > 
> 9 3 mine
 |123456789|
-|---------|
1|.........|
2|.111.....|
3|.1/112..*|
4|.1///122.|
5|.2////1..|
6|.1111/1.1|
7|..*.1/1..|
8|..211/1..|
9|..1///1..|
-|---------|
Set/unset mine marks or claim a cell as free: > 
> 1 7 free
 |123456789|
-|---------|
1|.........|
2|.111.....|
3|.1/112..*|
4|.1///122.|
5|.2////1..|
6|.1111/1.1|
7|2.*.1/1..|
8|..211/1..|
9|..1///1..|
-|---------|
Congratulations! You found all the mines!
?[1;31m
Start test 93?[0m
How many mines do you want on the field? > 
> 15
 |123456789|
-|---------|
1|.........|
2|.........|
3|.........|
4|.........|
5|.........|
6|.........|
7|.........|
8|.........|
9|.........|
-|---------|
Set/unset mine marks or claim a cell as free: > 
> 7 7 mine
 |123456789|
-|---------|
1|.........|
2|.........|
3|.........|
4|.........|
5|.........|
6|.........|
7|......*..|
8|.........|
9|.........|
-|---------|
Set/unset mine marks or claim a cell as free: > 
> 8 7 mine
 |123456789|
-|---------|
1|.........|
2|.........|
3|.........|
4|.........|
5|.........|
6|.........|
7|......**.|
8|.........|
9|.........|
-|---------|
Set/unset mine marks or claim a cell as free: > 
> 8 7 mine
 |123456789|
-|---------|
1|.........|
2|.........|
3|.........|
4|.........|
5|.........|
6|.........|
7|......*..|
8|.........|
9|.........|
-|---------|
Set/unset mine marks or claim a cell as free: > 
> 3 4 free
 |123456789|
-|---------|
1|.1////1..|
2|11///12..|
3|///112...|
4|///1.....|
5|///1.....|
6|//11.....|
7|122...*..|
8|.........|
9|.........|
-|---------|
Set/unset mine marks or claim a cell as free: > 
> 2 8 free
 |123456789|
-|---------|
1|.1////1..|
2|11///12..|
3|///112...|
4|///1.....|
5|///1.....|
6|//11.....|
7|122...*..|
8|.3.......|
9|.........|
-|---------|
Set/unset mine marks or claim a cell as free: > 
> 8 1 free
 |123456789|
-|---------|
1|X1////1X.|
2|11///12..|
3|///112X..|
4|///1X...X|
5|///1...X.|
6|//11.X...|
7|122X..*.X|
8|X3X......|
9|..X.X..XX|
-|---------|
You stepped on a mine and failed!
?[1;31m
Start test 94?[0m
How many mines do you want on the field? > 
> 15
 |123456789|
-|---------|
1|.........|
2|.........|
3|.........|
4|.........|
5|.........|
6|.........|
7|.........|
8|.........|
9|.........|
-|---------|
Set/unset mine marks or claim a cell as free: > 
> 8 6 mine
 |123456789|
-|---------|
1|.........|
2|.........|
3|.........|
4|.........|
5|.........|
6|.......*.|
7|.........|
8|.........|
9|.........|
-|---------|
Set/unset mine marks or claim a cell as free: > 
> 7 2 free
 |123456789|
-|---------|
1|.....1///|
2|.....2///|
3|.....31//|
4|......1//|
5|.....31//|
6|.....2///|
7|.....2///|
8|.....2111|
9|.........|
-|---------|
Set/unset mine marks or claim a cell as free: > 
> 5 9 mine
 |123456789|
-|---------|
1|.....1///|
2|.....2///|
3|.....31//|
4|......1//|
5|.....31//|
6|.....2///|
7|.....2///|
8|.....2111|
9|....*....|
-|---------|
Set/unset mine marks or claim a cell as free: > 
> 5 9 mine
 |123456789|
-|---------|
1|.....1///|
2|.....2///|
3|.....31//|
4|......1//|
5|.....31//|
6|.....2///|
7|.....2///|
8|.....2111|
9|.........|
-|---------|
Set/unset mine marks or claim a cell as free: > 
> 7 9 mine
 |123456789|
-|---------|
1|.....1///|
2|.....2///|
3|.....31//|
4|......1//|
5|.....31//|
6|.....2///|
7|.....2///|
8|.....2111|
9|......*..|
-|---------|
Set/unset mine marks or claim a cell as free: > 
> 7 9 mine
 |123456789|
-|---------|
1|.....1///|
2|.....2///|
3|.....31//|
4|......1//|
5|.....31//|
6|.....2///|
7|.....2///|
8|.....2111|
9|.........|
-|---------|
Set/unset mine marks or claim a cell as free: > 
> 3 1 free
 |123456789|
-|---------|
1|.1/1.1///|
2|.2/2.2///|
3|.223.31//|
4|......1//|
5|.....31//|
6|.....2///|
7|.....2///|
8|.....2111|
9|.........|
-|---------|
Set/unset mine marks or claim a cell as free: > 
> 4 8 free
 |123456789|
-|---------|
1|.1/1.1///|
2|.2/2.2///|
3|.223.31//|
4|......1//|
5|.....31//|
6|.....2///|
7|.....2///|
8|...2.2111|
9|.........|
-|---------|
Set/unset mine marks or claim a cell as free: > 
> 3 8 free
 |123456789|
-|---------|
1|.1/1.1///|
2|.2/2.2///|
3|.223.31//|
4|......1//|
5|.....31//|
6|.....2///|
7|.....2///|
8|..22.2111|
9|.........|
-|---------|
Set/unset mine marks or claim a cell as free: > 
> 5 2 mine
 |123456789|
-|---------|
1|.1/1.1///|
2|.2/2*2///|
3|.223.31//|
4|......1//|
5|.....31//|
6|.....2///|
7|.....2///|
8|..22.2111|
9|.........|
-|---------|
Set/unset mine marks or claim a cell as free: > 
> 5 4 mine
 |123456789|
-|---------|
1|.1/1.1///|
2|.2/2*2///|
3|.223.31//|
4|....*.1//|
5|.....31//|
6|.....2///|
7|.....2///|
8|..22.2111|
9|.........|
-|---------|
Set/unset mine marks or claim a cell as free: > 
> 1 7 mine
 |123456789|
-|---------|
1|.1/1.1///|
2|.2/2*2///|
3|.223.31//|
4|....*.1//|
5|.....31//|
6|.....2///|
7|*....2///|
8|..22.2111|
9|.........|
-|---------|
Set/unset mine marks or claim a cell as free: > 
> 6 9 free
 |123456789|
-|---------|
1|X1/1X1///|
2|.2/2*2///|
3|X223X31//|
4|.X.XXX1//|
5|.....31//|
6|....X2///|
7|X..XX2///|
8|.X22.2111|
9|.....X..X|
-|---------|
You stepped on a mine and failed!
?[1;31m
Start test 95?[0m
How many mines do you want on the field? > 
> 20
 |123456789|
-|---------|
1|.........|
2|.........|
3|.........|
4|.........|
5|.........|
6|.........|
7|.........|
8|.........|
9|.........|
-|---------|
Set/unset mine marks or claim a cell as free: > 
> 9 1 free
 |123456789|
-|---------|
1|........1|
2|.........|
3|.........|
4|.........|
5|.........|
6|.........|
7|.........|
8|.........|
9|.........|
-|---------|
Set/unset mine marks or claim a cell as free: > 
> 5 2 mine
 |123456789|
-|---------|
1|........1|
2|....*....|
3|.........|
4|.........|
5|.........|
6|.........|
7|.........|
8|.........|
9|.........|
-|---------|
Set/unset mine marks or claim a cell as free: > 
> 2 3 free
 |123456789|
-|---------|
1|....X..X1|
2|....XXX..|
3|XX...X...|
4|X...X...X|
5|X........|
6|.XX.X.X..|
7|X...X....|
8|..X......|
9|.....X...|
-|---------|
You stepped on a mine and failed!
?[1;31m
Start test 96?[0m
How many mines do you want on the field? > 
> 20
 |123456789|
-|---------|
1|.........|
2|.........|
3|.........|
4|.........|
5|.........|
6|.........|
7|.........|
8|.........|
9|.........|
-|---------|
Set/unset mine marks or claim a cell as free: > 
> 2 2 free
 |123456789|
-|---------|
1|.........|
2|.1.......|
3|.........|
4|.........|
5|.........|
6|.........|
7|.........|
8|.........|
9|.........|
-|---------|
Set/unset mine marks or claim a cell as free: > 
> 7 1 free
 |123456789|
-|---------|
1|......3..|
2|.1.......|
3|.........|
4|.........|
5|.........|
6|.........|
7|.........|
8|.........|
9|.........|
-|---------|
Set/unset mine marks or claim a cell as free: > 
> 4 7 mine
 |123456789|
-|---------|
1|......3..|
2|.1.......|
3|.........|
4|.........|
5|.........|
6|.........|
7|...*.....|
8|.........|
9|.........|
-|---------|
Set/unset mine marks or claim a cell as free: > 
> 4 3 free
 |123456789|
-|---------|
1|.....X3XX|
2|.1.....XX|
3|.X.X.X.XX|
4|..X......|
5|.X.......|
6|.X.X...X.|
7|...*..XX.|
8|XX.....X.|
9|.........|
-|---------|
You stepped on a mine and failed!
?[1;31m
Start test 97?[0m
How many mines do you want on the field? > 
> 25
 |123456789|
-|---------|
1|.........|
2|.........|
3|.........|
4|.........|
5|.........|
6|.........|
7|.........|
8|.........|
9|.........|
-|---------|
Set/unset mine marks or claim a cell as free: > 
> 9 2 mine
 |123456789|
-|---------|
1|.........|
2|........*|
3|.........|
4|.........|
5|.........|
6|.........|
7|.........|
8|.........|
9|.........|
-|---------|
Set/unset mine marks or claim a cell as free: > 
> 6 9 mine
 |123456789|
-|---------|
1|.........|
2|........*|
3|.........|
4|.........|
5|.........|
6|.........|
7|.........|
8|.........|
9|.....*...|
-|---------|
Set/unset mine marks or claim a cell as free: > 
> 2 8 free
 |123456789|
-|---------|
1|.........|
2|........*|
3|.........|
4|.........|
5|.........|
6|.........|
7|.........|
8|.3.......|
9|.....*...|
-|---------|
Set/unset mine marks or claim a cell as free: > 
> 9 2 mine
 |123456789|
-|---------|
1|.........|
2|.........|
3|.........|
4|.........|
5|.........|
6|.........|
7|.........|
8|.3.......|
9|.....*...|
-|---------|
Set/unset mine marks or claim a cell as free: > 
> 6 9 mine
 |123456789|
-|---------|
1|.........|
2|.........|
3|.........|
4|.........|
5|.........|
6|.........|
7|.........|
8|.3.......|
9|.........|
-|---------|
Set/unset mine marks or claim a cell as free: > 
> 7 4 mine
 |123456789|
-|---------|
1|.........|
2|.........|
3|.........|
4|......*..|
5|.........|
6|.........|
7|.........|
8|.3.......|
9|.........|
-|---------|
Set/unset mine marks or claim a cell as free: > 
> 2 6 free
 |123456789|
-|---------|
1|.........|
2|.........|
3|.........|
4|......*..|
5|.........|
6|.1.......|
7|.........|
8|.3.......|
9|.........|
-|---------|
Set/unset mine marks or claim a cell as free: > 
> 8 4 free
 |123456789|
-|---------|
1|.........|
2|.XX.....X|
3|..XX...X.|
4|.X.X.X*X.|
5|..XXXX...|
6|.1......X|
7|......XX.|
8|.3...X..X|
9|XXX.XXX..|
-|---------|
You stepped on a mine and failed!
?[1;31m
Start test 98?[0m
How many mines do you want on the field? > 
> 25
 |123456789|
-|---------|
1|.........|
2|.........|
3|.........|
4|.........|
5|.........|
6|.........|
7|.........|
8|.........|
9|.........|
-|---------|
Set/unset mine marks or claim a cell as free: > 
> 8 7 free
 |123456789|
-|---------|
1|.........|
2|.........|
3|.........|
4|.........|
5|.........|
6|.........|
7|.......3.|
8|.........|
9|.........|
-|---------|
Set/unset mine marks or claim a cell as free: > 
> 2 9 free
 |123456789|
-|---------|
1|X....X...|
2|...X..X..|
3|....XXX..|
4|.........|
5|.X....XX.|
6|..X....XX|
7|X......3.|
8|..X.XX..X|
9|XX.XXX.XX|
-|---------|
You stepped on a mine and failed!
?[1;31m
Start test 99?[0m
How many mines do you want on the field? > 
> 30
 |123456789|
-|---------|
1|.........|
2|.........|
3|.........|
4|.........|
5|.........|
6|.........|
7|.........|
8|.........|
9|.........|
-|---------|
Set/unset mine marks or claim a cell as free: > 
> 4 2 free
 |123456789|
-|---------|
1|.........|
2|...3.....|
3|.........|
4|.........|
5|.........|
6|.........|
7|.........|
8|.........|
9|.........|
-|---------|
Set/unset mine marks or claim a cell as free: > 
> 8 6 free
 |123456789|
-|---------|
1|.X..XX.X.|
2|..X3..X..|
3|XX..XXXXX|
4|X...X.X..|
5|XX...X...|
6|.X.X...X.|
7|XX.X...X.|
8|X...XX...|
9|.....X...|
-|---------|
You stepped on a mine and failed!
?[1;31m
Start test 100?[0m
How many mines do you want on the field? > 
> 30
 |123456789|
-|---------|
1|.........|
2|.........|
3|.........|
4|.........|
5|.........|
6|.........|
7|.........|
8|.........|
9|.........|
-|---------|
Set/unset mine marks or claim a cell as free: > 
> 5 2 mine
 |123456789|
-|---------|
1|.........|
2|....*....|
3|.........|
4|.........|
5|.........|
6|.........|
7|.........|
8|.........|
9|.........|
-|---------|
Set/unset mine marks or claim a cell as free: > 
> 3 6 mine
 |123456789|
-|---------|
1|.........|
2|....*....|
3|.........|
4|.........|
5|.........|
6|..*......|
7|.........|
8|.........|
9|.........|
-|---------|
Set/unset mine marks or claim a cell as free: > 
> 4 5 free
 |123456789|
-|---------|
1|.........|
2|....*....|
3|.........|
4|.........|
5|...3.....|
6|..*......|
7|.........|
8|.........|
9|.........|
-|---------|
Set/unset mine marks or claim a cell as free: > 
> 7 7 mine
 |123456789|
-|---------|
1|.........|
2|....*....|
3|.........|
4|.........|
5|...3.....|
6|..*......|
7|......*..|
8|.........|
9|.........|
-|---------|
Set/unset mine marks or claim a cell as free: > 
> 4 9 free
 |123456789|
-|---------|
1|X.X..X..X|
2|X..X*....|
3|....XX.XX|
4|...XX....|
5|.X.3.X..X|
6|.XX..XXX.|
7|..XX.XX..|
8|X.......X|
9|XX.X.X...|
-|---------|
You stepped on a mine and failed!
?[1;31m
Start test 101?[0m
How many mines do you want on the field? > 
> 35
 |123456789|
-|---------|
1|.........|
2|.........|
3|.........|
4|.........|
5|.........|
6|.........|
7|.........|
8|.........|
9|.........|
-|---------|
Set/unset mine marks or claim a cell as free: > 
> 7 7 mine
 |123456789|
-|---------|
1|.........|
2|.........|
3|.........|
4|.........|
5|.........|
6|.........|
7|......*..|
8|.........|
9|.........|
-|---------|
Set/unset mine marks or claim a cell as free: > 
> 8 7 free
 |123456789|
-|---------|
1|.........|
2|.........|
3|.........|
4|.........|
5|.........|
6|.........|
7|......*4.|
8|.........|
9|.........|
-|---------|
Set/unset mine marks or claim a cell as free: > 
> 3 8 free
 |123456789|
-|---------|
1|.........|
2|.........|
3|.........|
4|.........|
5|.........|
6|.........|
7|......*4.|
8|..2......|
9|.........|
-|---------|
Set/unset mine marks or claim a cell as free: > 
> 2 5 mine
 |123456789|
-|---------|
1|.........|
2|.........|
3|.........|
4|.........|
5|.*.......|
6|.........|
7|......*4.|
8|..2......|
9|.........|
-|---------|
Set/unset mine marks or claim a cell as free: > 
> 6 6 free
 |123456789|
-|---------|
1|XX.XX.X.X|
2|..XXX..X.|
3|X.X...X..|
4|X.....X..|
5|.*..X..XX|
6|..XX.XXX.|
7|X..XX.X4.|
8|..2.XXX..|
9|X.X..XXX.|
-|---------|
You stepped on a mine and failed!
?[1;31m
Start test 102?[0m
How many mines do you want on the field? > 
> 35
 |123456789|
-|---------|
1|.........|
2|.........|
3|.........|
4|.........|
5|.........|
6|.........|
7|.........|
8|.........|
9|.........|
-|---------|
Set/unset mine marks or claim a cell as free: > 
> 3 6 free
 |123456789|
-|---------|
1|.........|
2|.........|
3|.........|
4|.........|
5|.........|
6|..5......|
7|.........|
8|.........|
9|.........|
-|---------|
Set/unset mine marks or claim a cell as free: > 
> 5 7 mine
 |123456789|
-|---------|
1|.........|
2|.........|
3|.........|
4|.........|
5|.........|
6|..5......|
7|....*....|
8|.........|
9|.........|
-|---------|
Set/unset mine marks or claim a cell as free: > 
> 9 3 free
 |123456789|
-|---------|
1|.........|
2|.........|
3|........3|
4|.........|
5|.........|
6|..5......|
7|....*....|
8|.........|
9|.........|
-|---------|
Set/unset mine marks or claim a cell as free: > 
> 4 8 free
 |123456789|
-|---------|
1|.........|
2|.........|
3|........3|
4|.........|
5|.........|
6|..5......|
7|....*....|
8|...3.....|
9|.........|
-|---------|
Set/unset mine marks or claim a cell as free: > 
> 5 7 mine
 |123456789|
-|---------|
1|.........|
2|.........|
3|........3|
4|.........|
5|.........|
6|..5......|
7|.........|
8|...3.....|
9|.........|
-|---------|
Set/unset mine marks or claim a cell as free: > 
> 2 3 mine
 |123456789|
-|---------|
1|.........|
2|.........|
3|.*......3|
4|.........|
5|.........|
6|..5......|
7|.........|
8|...3.....|
9|.........|
-|---------|
Set/unset mine marks or claim a cell as free: > 
> 2 3 mine
 |123456789|
-|---------|
1|.........|
2|.........|
3|........3|
4|.........|
5|.........|
6|..5......|
7|.........|
8|...3.....|
9|.........|
-|---------|
Set/unset mine marks or claim a cell as free: > 
> 1 4 free
 |123456789|
-|---------|
1|.........|
2|.........|
3|........3|
4|1........|
5|.........|
6|..5......|
7|.........|
8|...3.....|
9|.........|
-|---------|
Set/unset mine marks or claim a cell as free: > 
> 5 6 free
 |123456789|
-|---------|
1|.........|
2|.........|
3|........3|
4|1........|
5|.........|
6|..5.6....|
7|.........|
8|...3.....|
9|.........|
-|---------|
Set/unset mine marks or claim a cell as free: > 
> 7 7 free
 |123456789|
-|---------|
1|.........|
2|.........|
3|........3|
4|1........|
5|.........|
6|..5.6....|
7|......6..|
8|...3.....|
9|.........|
-|---------|
Set/unset mine marks or claim a cell as free: > 
> 1 3 free
 |123456789|
-|---------|
1|.........|
2|.........|
3|2.......3|
4|1........|
5|.........|
6|..5.6....|
7|......6..|
8|...3.....|
9|.........|
-|---------|
Set/unset mine marks or claim a cell as free: > 
> 8 2 free
 |123456789|
-|---------|
1|.........|
2|.......4.|
3|2.......3|
4|1........|
5|.........|
6|..5.6....|
7|......6..|
8|...3.....|
9|.........|
-|---------|
Set/unset mine marks or claim a cell as free: > 
> 6 8 free
 |123456789|
-|---------|
1|.XX.XX.X.|
2|.XX...X4X|
3|2X.X.X.X3|
4|1......X.|
5|..XXX...X|
6|.X5X6XX..|
7|.X..XX6XX|
8|XX.3.X.XX|
9|.XX.X....|
-|---------|
You stepped on a mine and failed!
?[1;31m
Start test 103?[0m
How many mines do you want on the field? > 
> 40
 |123456789|
-|---------|
1|.........|
2|.........|
3|.........|
4|.........|
5|.........|
6|.........|
7|.........|
8|.........|
9|.........|
-|---------|
Set/unset mine marks or claim a cell as free: > 
> 7 5 mine
 |123456789|
-|---------|
1|.........|
2|.........|
3|.........|
4|.........|
5|......*..|
6|.........|
7|.........|
8|.........|
9|.........|
-|---------|
Set/unset mine marks or claim a cell as free: > 
> 2 1 free
 |123456789|
-|---------|
1|.2.......|
2|.........|
3|.........|
4|.........|
5|......*..|
6|.........|
7|.........|
8|.........|
9|.........|
-|---------|
Set/unset mine marks or claim a cell as free: > 
> 7 7 mine
 |123456789|
-|---------|
1|.2.......|
2|.........|
3|.........|
4|.........|
5|......*..|
6|.........|
7|......*..|
8|.........|
9|.........|
-|---------|
Set/unset mine marks or claim a cell as free: > 
> 7 5 mine
 |123456789|
-|---------|
1|.2.......|
2|.........|
3|.........|
4|.........|
5|.........|
6|.........|
7|......*..|
8|.........|
9|.........|
-|---------|
Set/unset mine marks or claim a cell as free: > 
> 6 6 free
 |123456789|
-|---------|
1|.2..X.X..|
2|X.X......|
3|.X.X.XX.X|
4|XX...X...|
5|XX..X...X|
6|XXX.XX.XX|
7|.XXXXXXX.|
8|.XX....X.|
9|.XXX.XXXX|
-|---------|
You stepped on a mine and failed!
?[1;31m
Start test 104?[0m
How many mines do you want on the field? > 
> 40
 |123456789|
-|---------|
1|.........|
2|.........|
3|.........|
4|.........|
5|.........|
6|.........|
7|.........|
8|.........|
9|.........|
-|---------|
Set/unset mine marks or claim a cell as free: > 
> 8 7 mine
 |123456789|
-|---------|
1|.........|
2|.........|
3|.........|
4|.........|
5|.........|
6|.........|
7|.......*.|
8|.........|
9|.........|
-|---------|
Set/unset mine marks or claim a cell as free: > 
> 8 7 mine
 |123456789|
-|---------|
1|.........|
2|.........|
3|.........|
4|.........|
5|.........|
6|.........|
7|.........|
8|.........|
9|.........|
-|---------|
Set/unset mine marks or claim a cell as free: > 
> 6 1 free
 |123456789|
-|---------|
1|.....3...|
2|.........|
3|.........|
4|.........|
5|.........|
6|.........|
7|.........|
8|.........|
9|.........|
-|---------|
Set/unset mine marks or claim a cell as free: > 
> 6 5 free
 |123456789|
-|---------|
1|XXX.X3X.X|
2|XXXX.X...|
3|.X..X.X..|
4|XX.....X.|
5|...XXXXX.|
6|...X.XX.X|
7|XXXX....X|
8|.X.X..X.X|
9|..XXX.X.X|
-|---------|
You stepped on a mine and failed!
?[1;31m
Start test 105?[0m
How many mines do you want on the field? > 
> 45
 |123456789|
-|---------|
1|.........|
2|.........|
3|.........|
4|.........|
5|.........|
6|.........|
7|.........|
8|.........|
9|.........|
-|---------|
Set/unset mine marks or claim a cell as free: > 
> 1 9 free
 |123456789|
-|---------|
1|.........|
2|.........|
3|.........|
4|.........|
5|.........|
6|.........|
7|.........|
8|.........|
9|2........|
-|---------|
Set/unset mine marks or claim a cell as free: > 
> 1 3 mine
 |123456789|
-|---------|
1|.........|
2|.........|
3|*........|
4|.........|
5|.........|
6|.........|
7|.........|
8|.........|
9|2........|
-|---------|
Set/unset mine marks or claim a cell as free: > 
> 1 3 mine
 |123456789|
-|---------|
1|.........|
2|.........|
3|.........|
4|.........|
5|.........|
6|.........|
7|.........|
8|.........|
9|2........|
-|---------|
Set/unset mine marks or claim a cell as free: > 
> 4 7 free
 |123456789|
-|---------|
1|.........|
2|.........|
3|.........|
4|.........|
5|.........|
6|.........|
7|...3.....|
8|.........|
9|2........|
-|---------|
Set/unset mine marks or claim a cell as free: > 
> 9 5 mine
 |123456789|
-|---------|
1|.........|
2|.........|
3|.........|
4|.........|
5|........*|
6|.........|
7|...3.....|
8|.........|
9|2........|
-|---------|
Set/unset mine marks or claim a cell as free: > 
> 9 5 mine
 |123456789|
-|---------|
1|.........|
2|.........|
3|.........|
4|.........|
5|.........|
6|.........|
7|...3.....|
8|.........|
9|2........|
-|---------|
Set/unset mine marks or claim a cell as free: > 
> 9 3 free
 |123456789|
-|---------|
1|..XX.X...|
2|XX.XX.X..|
3|X..XXX.XX|
4|XXX.X.X.X|
5|X..X.X..X|
6|XXX......|
7|X..3.XXXX|
8|.XXX.XXXX|
9|2X.XXXXX.|
-|---------|
You stepped on a mine and failed!
?[1;31m
Start test 106?[0m
How many mines do you want on the field? > 
> 45
 |123456789|
-|---------|
1|.........|
2|.........|
3|.........|
4|.........|
5|.........|
6|.........|
7|.........|
8|.........|
9|.........|
-|---------|
Set/unset mine marks or claim a cell as free: > 
> 1 9 free
 |123456789|
-|---------|
1|.........|
2|.........|
3|.........|
4|.........|
5|.........|
6|.........|
7|.........|
8|.........|
9|1........|
-|---------|
Set/unset mine marks or claim a cell as free: > 
> 3 5 free
 |123456789|
-|---------|
1|.........|
2|.........|
3|.........|
4|.........|
5|..5......|
6|.........|
7|.........|
8|.........|
9|1........|
-|---------|
Set/unset mine marks or claim a cell as free: > 
> 6 8 free
 |123456789|
-|---------|
1|.........|
2|.........|
3|.........|
4|.........|
5|..5......|
6|.........|
7|.........|
8|.....5...|
9|1........|
-|---------|
Set/unset mine marks or claim a cell as free: > 
> 4 5 free
 |123456789|
-|---------|
1|XXXXXX.X.|
2|X...XX.XX|
3|.X...X.XX|
4|XXX.X.X.X|
5|X.5X...X.|
6|XXX..X.XX|
7|X..X.XX.X|
8|..X.X5.XX|
9|1XX.XX.X.|
-|---------|
You stepped on a mine and failed!
?[1;31m
Start test 107?[0m
How many mines do you want on the field? > 
> 50
 |123456789|
-|---------|
1|.........|
2|.........|
3|.........|
4|.........|
5|.........|
6|.........|
7|.........|
8|.........|
9|.........|
-|---------|
Set/unset mine marks or claim a cell as free: > 
> 9 8 free
 |123456789|
-|---------|
1|.........|
2|.........|
3|.........|
4|.........|
5|.........|
6|.........|
7|.........|
8|........2|
9|.........|
-|---------|
Set/unset mine marks or claim a cell as free: > 
> 2 3 mine
 |123456789|
-|---------|
1|.........|
2|.........|
3|.*.......|
4|.........|
5|.........|
6|.........|
7|.........|
8|........2|
9|.........|
-|---------|
Set/unset mine marks or claim a cell as free: > 
> 1 2 mine
 |123456789|
-|---------|
1|.........|
2|*........|
3|.*.......|
4|.........|
5|.........|
6|.........|
7|.........|
8|........2|
9|.........|
-|---------|
Set/unset mine marks or claim a cell as free: > 
> 9 3 free
 |123456789|
-|---------|
1|XXX.X.XX.|
2|XX.X.X.XX|
3|.*XXX.XXX|
4|.X.XXXXX.|
5|XX.X..X.X|
6|X.X.XXX.X|
7|XXXXXXXX.|
8|X..XXX.X2|
9|.X....X..|
-|---------|
You stepped on a mine and failed!
?[1;31m
Start test 108?[0m
How many mines do you want on the field? > 
> 50
 |123456789|
-|---------|
1|.........|
2|.........|
3|.........|
4|.........|
5|.........|
6|.........|
7|.........|
8|.........|
9|.........|
-|---------|
Set/unset mine marks or claim a cell as free: > 
> 9 5 mine
 |123456789|
-|---------|
1|.........|
2|.........|
3|.........|
4|.........|
5|........*|
6|.........|
7|.........|
8|.........|
9|.........|
-|---------|
Set/unset mine marks or claim a cell as free: > 
> 4 5 free
 |123456789|
-|---------|
1|.........|
2|.........|
3|.........|
4|.........|
5|...6....*|
6|.........|
7|.........|
8|.........|
9|.........|
-|---------|
Set/unset mine marks or claim a cell as free: > 
> 7 2 mine
 |123456789|
-|---------|
1|.........|
2|......*..|
3|.........|
4|.........|
5|...6....*|
6|.........|
7|.........|
8|.........|
9|.........|
-|---------|
Set/unset mine marks or claim a cell as free: > 
> 5 8 free
 |123456789|
-|---------|
1|XXX.XXX.X|
2|XX...X*XX|
3|X.X.XX.XX|
4|XXXXXXX..|
5|XXX6XXX.X|
6|XXX..X..X|
7|X.X.X.XXX|
8|XX.XXX..X|
9|.......X.|
-|---------|
You stepped on a mine and failed!
?[1;31m
Start test 109?[0m
How many mines do you want on the field? > 
> 55
 |123456789|
-|---------|
1|.........|
2|.........|
3|.........|
4|.........|
5|.........|
6|.........|
7|.........|
8|.........|
9|.........|
-|---------|
Set/unset mine marks or claim a cell as free: > 
> 2 7 mine
 |123456789|
-|---------|
1|.........|
2|.........|
3|.........|
4|.........|
5|.........|
6|.........|
7|.*.......|
8|.........|
9|.........|
-|---------|
Set/unset mine marks or claim a cell as free: > 
> 6 4 mine
 |123456789|
-|---------|
1|.........|
2|.........|
3|.........|
4|.....*...|
5|.........|
6|.........|
7|.*.......|
8|.........|
9|.........|
-|---------|
Set/unset mine marks or claim a cell as free: > 
> 9 7 mine
 |123456789|
-|---------|
1|.........|
2|.........|
3|.........|
4|.....*...|
5|.........|
6|.........|
7|.*......*|
8|.........|
9|.........|
-|---------|
Set/unset mine marks or claim a cell as free: > 
> 3 6 free
 |123456789|
-|---------|
1|.........|
2|.........|
3|.........|
4|.....*...|
5|.........|
6|..7......|
7|.*......*|
8|.........|
9|.........|
-|---------|
Set/unset mine marks or claim a cell as free: > 
> 6 8 mine
 |123456789|
-|---------|
1|.........|
2|.........|
3|.........|
4|.....*...|
5|.........|
6|..7......|
7|.*......*|
8|.....*...|
9|.........|
-|---------|
Set/unset mine marks or claim a cell as free: > 
> 2 4 mine
 |123456789|
-|---------|
1|.........|
2|.........|
3|.........|
4|.*...*...|
5|.........|
6|..7......|
7|.*......*|
8|.....*...|
9|.........|
-|---------|
Set/unset mine marks or claim a cell as free: > 
> 7 4 free
 |123456789|
-|---------|
1|.........|
2|.........|
3|.........|
4|.*...*4..|
5|.........|
6|..7......|
7|.*......*|
8|.....*...|
9|.........|
-|---------|
Set/unset mine marks or claim a cell as free: > 
> 6 4 mine
 |123456789|
-|---------|
1|.........|
2|.........|
3|.........|
4|.*....4..|
5|.........|
6|..7......|
7|.*......*|
8|.....*...|
9|.........|
-|---------|
Set/unset mine marks or claim a cell as free: > 
> 3 5 free
 |123456789|
-|---------|
1|XXXXXXXXX|
2|XX..XX..X|
3|XXXXXXXXX|
4|.*XX..4.X|
5|XXXX.X...|
6|XX7.X.XXX|
7|.XXXXXXX*|
8|XX...*.XX|
9|.XXX.XXXX|
-|---------|
You stepped on a mine and failed!
?[1;31m
Start test 110?[0m
How many mines do you want on the field? > 
> 55
 |123456789|
-|---------|
1|.........|
2|.........|
3|.........|
4|.........|
5|.........|
6|.........|
7|.........|
8|.........|
9|.........|
-|---------|
Set/unset mine marks or claim a cell as free: > 
> 5 4 free
 |123456789|
-|---------|
1|.........|
2|.........|
3|.........|
4|....7....|
5|.........|
6|.........|
7|.........|
8|.........|
9|.........|
-|---------|
Set/unset mine marks or claim a cell as free: > 
> 3 5 mine
 |123456789|
-|---------|
1|.........|
2|.........|
3|.........|
4|....7....|
5|..*......|
6|.........|
7|.........|
8|.........|
9|.........|
-|---------|
Set/unset mine marks or claim a cell as free: > 
> 3 5 mine
 |123456789|
-|---------|
1|.........|
2|.........|
3|.........|
4|....7....|
5|.........|
6|.........|
7|.........|
8|.........|
9|.........|
-|---------|
Set/unset mine marks or claim a cell as free: > 
> 6 4 mine
 |123456789|
-|---------|
1|.........|
2|.........|
3|.........|
4|....7*...|
5|.........|
6|.........|
7|.........|
8|.........|
9|.........|
-|---------|
Set/unset mine marks or claim a cell as free: > 
> 1 6 free
 |123456789|
-|---------|
1|.XX.XX...|
2|X.XXXXX.X|
3|..XXXXX.X|
4|XX.X7*XXX|
5|.XXXXXX.X|
6|X.XX.XXXX|
7|XXX.XX.XX|
8|X.X.XX..X|
9|X..XX.XXX|
-|---------|
You stepped on a mine and failed!
?[1;31m
Start test 111?[0m
How many mines do you want on the field? > 
> 60
 |123456789|
-|---------|
1|.........|
2|.........|
3|.........|
4|.........|
5|.........|
6|.........|
7|.........|
8|.........|
9|.........|
-|---------|
Set/unset mine marks or claim a cell as free: > 
> 3 1 mine
 |123456789|
-|---------|
1|..*......|
2|.........|
3|.........|
4|.........|
5|.........|
6|.........|
7|.........|
8|.........|
9|.........|
-|---------|
Set/unset mine marks or claim a cell as free: > 
> 7 4 free
 |123456789|
-|---------|
1|..*......|
2|.........|
3|.........|
4|......6..|
5|.........|
6|.........|
7|.........|
8|.........|
9|.........|
-|---------|
Set/unset mine marks or claim a cell as free: > 
> 6 3 free
 |123456789|
-|---------|
1|XXXXXXXXX|
2|XXX..XXXX|
3|XX..XXXXX|
4|XXXX..6..|
5|X.X.XXXX.|
6|XXXXX.X..|
7|XXXXXXXXX|
8|X.X.XXXXX|
9|X.XXX..X.|
-|---------|
You stepped on a mine and failed!
?[1;31m
Start test 112?[0m
How many mines do you want on the field? > 
> 60
 |123456789|
-|---------|
1|.........|
2|.........|
3|.........|
4|.........|
5|.........|
6|.........|
7|.........|
8|.........|
9|.........|
-|---------|
Set/unset mine marks or claim a cell as free: > 
> 1 1 free
 |123456789|
-|---------|
1|3........|
2|.........|
3|.........|
4|.........|
5|.........|
6|.........|
7|.........|
8|.........|
9|.........|
-|---------|
Set/unset mine marks or claim a cell as free: > 
> 6 7 free
 |123456789|
-|---------|
1|3........|
2|.........|
3|.........|
4|.........|
5|.........|
6|.........|
7|.....7...|
8|.........|
9|.........|
-|---------|
Set/unset mine marks or claim a cell as free: > 
> 8 8 free
 |123456789|
-|---------|
1|3XXXX.XXX|
2|XXXX..XXX|
3|XX..XXX.X|
4|.XXXXXXXX|
5|XXX..X.XX|
6|.X.XXXXXX|
7|.X.XX7XXX|
8|X..X.XXXX|
9|XXXX..XXX|
-|---------|
You stepped on a mine and failed!
?[1;31m
Start test 113?[0m
How many mines do you want on the field? > 
> 65
 |123456789|
-|---------|
1|.........|
2|.........|
3|.........|
4|.........|
5|.........|
6|.........|
7|.........|
8|.........|
9|.........|
-|---------|
Set/unset mine marks or claim a cell as free: > 
> 8 4 free
 |123456789|
-|---------|
1|.........|
2|.........|
3|.........|
4|.......6.|
5|.........|
6|.........|
7|.........|
8|.........|
9|.........|
-|---------|
Set/unset mine marks or claim a cell as free: > 
> 4 6 mine
 |123456789|
-|---------|
1|.........|
2|.........|
3|.........|
4|.......6.|
5|.........|
6|...*.....|
7|.........|
8|.........|
9|.........|
-|---------|
Set/unset mine marks or claim a cell as free: > 
> 1 4 free
 |123456789|
-|---------|
1|XXX.XXXXX|
2|X.XXXX.XX|
3|XXX.XXXX.|
4|XXXXX.X6X|
5|.XX.XX.XX|
6|X.XX..XXX|
7|XXXXXXX.X|
8|XX.XXXXXX|
9|XXXXXX.XX|
-|---------|
You stepped on a mine and failed!
?[1;31m
Start test 114?[0m
How many mines do you want on the field? > 
> 65
 |123456789|
-|---------|
1|.........|
2|.........|
3|.........|
4|.........|
5|.........|
6|.........|
7|.........|
8|.........|
9|.........|
-|---------|
Set/unset mine marks or claim a cell as free: > 
> 8 5 free
 |123456789|
-|---------|
1|.........|
2|.........|
3|.........|
4|.........|
5|.......4.|
6|.........|
7|.........|
8|.........|
9|.........|
-|---------|
Set/unset mine marks or claim a cell as free: > 
> 9 9 mine
 |123456789|
-|---------|
1|.........|
2|.........|
3|.........|
4|.........|
5|.......4.|
6|.........|
7|.........|
8|.........|
9|........*|
-|---------|
Set/unset mine marks or claim a cell as free: > 
> 2 2 mine
 |123456789|
-|---------|
1|.........|
2|.*.......|
3|.........|
4|.........|
5|.......4.|
6|.........|
7|.........|
8|.........|
9|........*|
-|---------|
Set/unset mine marks or claim a cell as free: > 
> 7 7 mine
 |123456789|
-|---------|
1|.........|
2|.*.......|
3|.........|
4|.........|
5|.......4.|
6|.........|
7|......*..|
8|.........|
9|........*|
-|---------|
Set/unset mine marks or claim a cell as free: > 
> 4 5 mine
 |123456789|
-|---------|
1|.........|
2|.*.......|
3|.........|
4|.........|
5|...*...4.|
6|.........|
7|......*..|
8|.........|
9|........*|
-|---------|
Set/unset mine marks or claim a cell as free: > 
> 4 7 free
 |123456789|
-|---------|
1|.........|
2|.*.......|
3|.........|
4|.........|
5|...*...4.|
6|.........|
7|...7..*..|
8|.........|
9|........*|
-|---------|
Set/unset mine marks or claim a cell as free: > 
> 7 7 mine
 |123456789|
-|---------|
1|.........|
2|.*.......|
3|.........|
4|.........|
5|...*...4.|
6|.........|
7|...7.....|
8|.........|
9|........*|
-|---------|
Set/unset mine marks or claim a cell as free: > 
> 3 2 free
 |123456789|
-|---------|
1|XXXXXXXX.|
2|XXXXXXXXX|
3|XXXXXX.XX|
4|XXXXXX...|
5|X.XXXXX4X|
6|.XXXXX.XX|
7|XXX7XXXXX|
8|.XX.XX.XX|
9|.XXXX.X.X|
-|---------|
You stepped on a mine and failed!
]]></system-out>
  <system-err><![CDATA[]]></system-err>
</testsuite>
